{"/home/travis/build/npmtest/node-npmtest-ws/test.js":{"path":"/home/travis/build/npmtest/node-npmtest-ws/test.js","s":{"1":2,"2":2,"3":2,"4":2,"5":2,"6":2,"7":2,"8":1,"9":2,"10":2,"11":1,"12":1,"13":1,"14":1,"15":2,"16":2,"17":2,"18":2,"19":1,"20":1,"21":2,"22":2,"23":2,"24":1,"25":1,"26":1,"27":1,"28":1,"29":1,"30":1,"31":1,"32":1,"33":1,"34":1,"35":1,"36":1,"37":1,"38":1,"39":2,"40":2,"41":1,"42":2,"43":2,"44":1,"45":2,"46":2,"47":1,"48":2,"49":2,"50":1,"51":1,"52":1,"53":1,"54":1},"b":{"1":[2,1,1,1],"2":[1,1,1,1],"3":[1,1],"4":[1,1],"5":[1,1],"6":[1,1],"7":[1,1],"8":[1,1],"9":[1,1],"10":[1,1,1],"11":[1,1],"12":[1,1],"13":[1,1],"14":[1,1],"15":[1,1],"16":[1,1],"17":[1,1]},"f":{"1":2,"2":2,"3":2,"4":2,"5":2,"6":1,"7":1,"8":1,"9":2,"10":2,"11":2,"12":2,"13":1},"fnMap":{"1":{"name":"(anonymous_1)","line":12,"loc":{"start":{"line":12,"column":1},"end":{"line":12,"column":13}}},"2":{"name":"(anonymous_2)","line":19,"loc":{"start":{"line":19,"column":5},"end":{"line":19,"column":17}}},"3":{"name":"(anonymous_3)","line":23,"loc":{"start":{"line":23,"column":24},"end":{"line":23,"column":36}}},"4":{"name":"(anonymous_4)","line":61,"loc":{"start":{"line":61,"column":5},"end":{"line":61,"column":17}}},"5":{"name":"(anonymous_5)","line":82,"loc":{"start":{"line":82,"column":5},"end":{"line":82,"column":17}}},"6":{"name":"(anonymous_6)","line":91,"loc":{"start":{"line":91,"column":77},"end":{"line":94,"column":10}}},"7":{"name":"(anonymous_7)","line":112,"loc":{"start":{"line":112,"column":83},"end":{"line":115,"column":10}},"skip":true},"8":{"name":"(anonymous_8)","line":123,"loc":{"start":{"line":123,"column":77},"end":{"line":126,"column":10}},"skip":true},"9":{"name":"(anonymous_9)","line":139,"loc":{"start":{"line":139,"column":12},"end":{"line":139,"column":40}},"skip":true},"10":{"name":"(anonymous_10)","line":147,"loc":{"start":{"line":147,"column":77},"end":{"line":150,"column":10}},"skip":true},"11":{"name":"(anonymous_11)","line":158,"loc":{"start":{"line":158,"column":83},"end":{"line":161,"column":10}},"skip":true},"12":{"name":"(anonymous_12)","line":169,"loc":{"start":{"line":169,"column":79},"end":{"line":172,"column":10}},"skip":true},"13":{"name":"(anonymous_13)","line":180,"loc":{"start":{"line":180,"column":75},"end":{"line":183,"column":10}},"skip":true}},"statementMap":{"1":{"start":{"line":12,"column":0},"end":{"line":195,"column":5}},"2":{"start":{"line":14,"column":4},"end":{"line":14,"column":14}},"3":{"start":{"line":19,"column":4},"end":{"line":56,"column":9}},"4":{"start":{"line":21,"column":8},"end":{"line":21,"column":19}},"5":{"start":{"line":23,"column":8},"end":{"line":35,"column":13}},"6":{"start":{"line":24,"column":12},"end":{"line":34,"column":13}},"7":{"start":{"line":25,"column":16},"end":{"line":28,"column":30}},"8":{"start":{"line":30,"column":16},"end":{"line":33,"column":27}},"9":{"start":{"line":37,"column":8},"end":{"line":39,"column":21}},"10":{"start":{"line":40,"column":8},"end":{"line":53,"column":9}},"11":{"start":{"line":43,"column":12},"end":{"line":46,"column":14}},"12":{"start":{"line":47,"column":12},"end":{"line":47,"column":18}},"13":{"start":{"line":50,"column":12},"end":{"line":51,"column":46}},"14":{"start":{"line":52,"column":12},"end":{"line":52,"column":18}},"15":{"start":{"line":55,"column":8},"end":{"line":55,"column":35}},"16":{"start":{"line":61,"column":4},"end":{"line":63,"column":9}},"17":{"start":{"line":62,"column":8},"end":{"line":62,"column":15}},"18":{"start":{"line":64,"column":4},"end":{"line":77,"column":5}},"19":{"start":{"line":70,"column":8},"end":{"line":70,"column":14}},"20":{"start":{"line":76,"column":8},"end":{"line":76,"column":14}},"21":{"start":{"line":82,"column":4},"end":{"line":84,"column":9}},"22":{"start":{"line":83,"column":8},"end":{"line":83,"column":15}},"23":{"start":{"line":85,"column":4},"end":{"line":194,"column":5}},"24":{"start":{"line":91,"column":8},"end":{"line":99,"column":10}},"25":{"start":{"line":98,"column":12},"end":{"line":98,"column":35}},"26":{"start":{"line":102,"column":8},"end":{"line":104,"column":63}},"27":{"start":{"line":105,"column":8},"end":{"line":105,"column":14}},"28":{"start":{"line":112,"column":8},"end":{"line":121,"column":10},"skip":true},"29":{"start":{"line":119,"column":12},"end":{"line":119,"column":55},"skip":true},"30":{"start":{"line":120,"column":12},"end":{"line":120,"column":48},"skip":true},"31":{"start":{"line":123,"column":8},"end":{"line":136,"column":10},"skip":true},"32":{"start":{"line":130,"column":12},"end":{"line":130,"column":76},"skip":true},"33":{"start":{"line":131,"column":12},"end":{"line":131,"column":73},"skip":true},"34":{"start":{"line":132,"column":12},"end":{"line":132,"column":74},"skip":true},"35":{"start":{"line":133,"column":12},"end":{"line":133,"column":79},"skip":true},"36":{"start":{"line":134,"column":12},"end":{"line":134,"column":25},"skip":true},"37":{"start":{"line":135,"column":12},"end":{"line":135,"column":45},"skip":true},"38":{"start":{"line":138,"column":8},"end":{"line":145,"column":14},"skip":true},"39":{"start":{"line":143,"column":16},"end":{"line":143,"column":29},"skip":true},"40":{"start":{"line":144,"column":16},"end":{"line":144,"column":55},"skip":true},"41":{"start":{"line":147,"column":8},"end":{"line":156,"column":10},"skip":true},"42":{"start":{"line":154,"column":12},"end":{"line":154,"column":25},"skip":true},"43":{"start":{"line":155,"column":12},"end":{"line":155,"column":45},"skip":true},"44":{"start":{"line":158,"column":8},"end":{"line":167,"column":10},"skip":true},"45":{"start":{"line":165,"column":12},"end":{"line":165,"column":25},"skip":true},"46":{"start":{"line":166,"column":12},"end":{"line":166,"column":48},"skip":true},"47":{"start":{"line":169,"column":8},"end":{"line":178,"column":10},"skip":true},"48":{"start":{"line":176,"column":12},"end":{"line":176,"column":25},"skip":true},"49":{"start":{"line":177,"column":12},"end":{"line":177,"column":46},"skip":true},"50":{"start":{"line":180,"column":8},"end":{"line":189,"column":10},"skip":true},"51":{"start":{"line":187,"column":12},"end":{"line":187,"column":94},"skip":true},"52":{"start":{"line":188,"column":12},"end":{"line":188,"column":48},"skip":true},"53":{"start":{"line":192,"column":8},"end":{"line":192,"column":35},"skip":true},"54":{"start":{"line":193,"column":8},"end":{"line":193,"column":14},"skip":true}},"branchMap":{"1":{"line":25,"type":"binary-expr","locations":[{"start":{"line":25,"column":23},"end":{"line":25,"column":62}},{"start":{"line":26,"column":20},"end":{"line":26,"column":70}},{"start":{"line":27,"column":20},"end":{"line":27,"column":71}},{"start":{"line":28,"column":20},"end":{"line":28,"column":29}}]},"2":{"line":30,"type":"binary-expr","locations":[{"start":{"line":30,"column":23},"end":{"line":30,"column":37}},{"start":{"line":31,"column":20},"end":{"line":31,"column":61}},{"start":{"line":32,"column":20},"end":{"line":32,"column":70}},{"start":{"line":33,"column":20},"end":{"line":33,"column":26}}]},"3":{"line":37,"type":"cond-expr","locations":[{"start":{"line":38,"column":14},"end":{"line":38,"column":20}},{"start":{"line":39,"column":14},"end":{"line":39,"column":20}}]},"4":{"line":40,"type":"switch","locations":[{"start":{"line":42,"column":8},"end":{"line":47,"column":18}},{"start":{"line":49,"column":8},"end":{"line":52,"column":18}}]},"5":{"line":44,"type":"binary-expr","locations":[{"start":{"line":44,"column":16},"end":{"line":44,"column":44}},{"start":{"line":44,"column":48},"end":{"line":44,"column":66}}]},"6":{"line":50,"type":"binary-expr","locations":[{"start":{"line":50,"column":21},"end":{"line":50,"column":49}},{"start":{"line":50,"column":53},"end":{"line":50,"column":72}}]},"7":{"line":64,"type":"switch","locations":[{"start":{"line":69,"column":4},"end":{"line":70,"column":14}},{"start":{"line":75,"column":4},"end":{"line":76,"column":14}}]},"8":{"line":85,"type":"switch","locations":[{"start":{"line":90,"column":4},"end":{"line":105,"column":14}},{"start":{"line":111,"column":4},"end":{"line":193,"column":14},"skip":true}]},"9":{"line":91,"type":"binary-expr","locations":[{"start":{"line":91,"column":42},"end":{"line":91,"column":73}},{"start":{"line":91,"column":77},"end":{"line":99,"column":9}}]},"10":{"line":102,"type":"binary-expr","locations":[{"start":{"line":102,"column":18},"end":{"line":102,"column":32}},{"start":{"line":103,"column":12},"end":{"line":103,"column":53}},{"start":{"line":104,"column":12},"end":{"line":104,"column":61}}]},"11":{"line":112,"type":"binary-expr","locations":[{"start":{"line":112,"column":45},"end":{"line":112,"column":79},"skip":true},{"start":{"line":112,"column":83},"end":{"line":121,"column":9},"skip":true}]},"12":{"line":123,"type":"binary-expr","locations":[{"start":{"line":123,"column":42},"end":{"line":123,"column":73},"skip":true},{"start":{"line":123,"column":77},"end":{"line":136,"column":9},"skip":true}]},"13":{"line":138,"type":"binary-expr","locations":[{"start":{"line":138,"column":48},"end":{"line":138,"column":85},"skip":true},{"start":{"line":139,"column":12},"end":{"line":145,"column":13},"skip":true}]},"14":{"line":147,"type":"binary-expr","locations":[{"start":{"line":147,"column":42},"end":{"line":147,"column":73},"skip":true},{"start":{"line":147,"column":77},"end":{"line":156,"column":9},"skip":true}]},"15":{"line":158,"type":"binary-expr","locations":[{"start":{"line":158,"column":45},"end":{"line":158,"column":79},"skip":true},{"start":{"line":158,"column":83},"end":{"line":167,"column":9},"skip":true}]},"16":{"line":169,"type":"binary-expr","locations":[{"start":{"line":169,"column":43},"end":{"line":169,"column":75},"skip":true},{"start":{"line":169,"column":79},"end":{"line":178,"column":9},"skip":true}]},"17":{"line":180,"type":"binary-expr","locations":[{"start":{"line":180,"column":41},"end":{"line":180,"column":71},"skip":true},{"start":{"line":180,"column":75},"end":{"line":189,"column":9},"skip":true}]}},"code":["/* istanbul instrument in package npmtest_ws */","/*jslint","    bitwise: true,","    browser: true,","    maxerr: 8,","    maxlen: 96,","    node: true,","    nomen: true,","    regexp: true,","    stupid: true","*/","(function () {","    'use strict';","    var local;","","","","    // run shared js-env code - pre-init","    (function () {","        // init local","        local = {};","        // init modeJs","        local.modeJs = (function () {","            try {","                return typeof navigator.userAgent === 'string' &&","                    typeof document.querySelector('body') === 'object' &&","                    typeof XMLHttpRequest.prototype.open === 'function' &&","                    'browser';","            } catch (errorCaughtBrowser) {","                return module.exports &&","                    typeof process.versions.node === 'string' &&","                    typeof require('http').createServer === 'function' &&","                    'node';","            }","        }());","        // init global","        local.global = local.modeJs === 'browser'","            ? window","            : global;","        switch (local.modeJs) {","        // re-init local from window.local","        case 'browser':","            local = local.global.utility2.objectSetDefault(","                local.global.utility2_rollup || local.global.local,","                local.global.utility2","            );","            break;","        // re-init local from example.js","        case 'node':","            local = (local.global.utility2_rollup || require('utility2'))","                .requireExampleJsFromReadme();","            break;","        }","        // export local","        local.global.local = local;","    }());","","","","    // run shared js-env code - function","    (function () {","        return;","    }());","    switch (local.modeJs) {","","","","    // run browser js-env code - function","    case 'browser':","        break;","","","","    // run node js-env code - function","    case 'node':","        break;","    }","","","","    // run shared js-env code - post-init","    (function () {","        return;","    }());","    switch (local.modeJs) {","","","","    // run browser js-env code - post-init","    case 'browser':","        local.testCase_browser_nullCase = local.testCase_browser_nullCase || function (","            options,","            onError","        ) {","        /*","         * this function will test browsers's null-case handling-behavior-behavior","         */","            onError(null, options);","        };","","        // run tests","        local.nop(local.modeTest &&","            document.querySelector('#testRunButton1') &&","            document.querySelector('#testRunButton1').click());","        break;","","","","    // run node js-env code - post-init","    /* istanbul ignore next */","    case 'node':","        local.testCase_buildApidoc_default = local.testCase_buildApidoc_default || function (","            options,","            onError","        ) {","        /*","         * this function will test buildApidoc's default handling-behavior-behavior","         */","            options = { modulePathList: module.paths };","            local.buildApidoc(options, onError);","        };","","        local.testCase_buildApp_default = local.testCase_buildApp_default || function (","            options,","            onError","        ) {","        /*","         * this function will test buildApp's default handling-behavior-behavior","         */","            local.testCase_buildReadme_default(options, local.onErrorThrow);","            local.testCase_buildLib_default(options, local.onErrorThrow);","            local.testCase_buildTest_default(options, local.onErrorThrow);","            local.testCase_buildCustomOrg_default(options, local.onErrorThrow);","            options = [];","            local.buildApp(options, onError);","        };","","        local.testCase_buildCustomOrg_default = local.testCase_buildCustomOrg_default ||","            function (options, onError) {","            /*","             * this function will test buildCustomOrg's default handling-behavior","             */","                options = {};","                local.buildCustomOrg(options, onError);","            };","","        local.testCase_buildLib_default = local.testCase_buildLib_default || function (","            options,","            onError","        ) {","        /*","         * this function will test buildLib's default handling-behavior","         */","            options = {};","            local.buildLib(options, onError);","        };","","        local.testCase_buildReadme_default = local.testCase_buildReadme_default || function (","            options,","            onError","        ) {","        /*","         * this function will test buildReadme's default handling-behavior-behavior","         */","            options = {};","            local.buildReadme(options, onError);","        };","","        local.testCase_buildTest_default = local.testCase_buildTest_default || function (","            options,","            onError","        ) {","        /*","         * this function will test buildTest's default handling-behavior","         */","            options = {};","            local.buildTest(options, onError);","        };","","        local.testCase_webpage_default = local.testCase_webpage_default || function (","            options,","            onError","        ) {","        /*","         * this function will test webpage's default handling-behavior","         */","            options = { modeCoverageMerge: true, url: local.serverLocalHost + '?modeTest=1' };","            local.browserTest(options, onError);","        };","","        // run test-server","        local.testRunServer(local);","        break;","    }","}());",""],"l":{"12":2,"14":2,"19":2,"21":2,"23":2,"24":2,"25":2,"30":1,"37":2,"40":2,"43":1,"47":1,"50":1,"52":1,"55":2,"61":2,"62":2,"64":2,"70":1,"76":1,"82":2,"83":2,"85":2,"91":1,"98":1,"102":1,"105":1,"112":1,"119":1,"120":1,"123":1,"130":1,"131":1,"132":1,"133":1,"134":1,"135":1,"138":1,"143":2,"144":2,"147":1,"154":2,"155":2,"158":1,"165":2,"166":2,"169":1,"176":2,"177":2,"180":1,"187":1,"188":1,"192":1,"193":1}},"/home/travis/build/npmtest/node-npmtest-ws/lib.npmtest_ws.js":{"path":"/home/travis/build/npmtest/node-npmtest-ws/lib.npmtest_ws.js","s":{"1":2,"2":2,"3":2,"4":2,"5":2,"6":2,"7":2,"8":1,"9":2,"10":2,"11":2,"12":2,"13":1,"14":1,"15":1,"16":1},"b":{"1":[2,1,1,1],"2":[1,1,1,1],"3":[1,1],"4":[2,2],"5":[1,1]},"f":{"1":2,"2":2,"3":2},"fnMap":{"1":{"name":"(anonymous_1)","line":12,"loc":{"start":{"line":12,"column":1},"end":{"line":12,"column":13}}},"2":{"name":"(anonymous_2)","line":19,"loc":{"start":{"line":19,"column":5},"end":{"line":19,"column":17}}},"3":{"name":"(anonymous_3)","line":23,"loc":{"start":{"line":23,"column":24},"end":{"line":23,"column":36}}}},"statementMap":{"1":{"start":{"line":12,"column":0},"end":{"line":53,"column":5}},"2":{"start":{"line":14,"column":4},"end":{"line":14,"column":14}},"3":{"start":{"line":19,"column":4},"end":{"line":52,"column":9}},"4":{"start":{"line":21,"column":8},"end":{"line":21,"column":19}},"5":{"start":{"line":23,"column":8},"end":{"line":35,"column":13}},"6":{"start":{"line":24,"column":12},"end":{"line":34,"column":13}},"7":{"start":{"line":25,"column":16},"end":{"line":28,"column":30}},"8":{"start":{"line":30,"column":16},"end":{"line":33,"column":27}},"9":{"start":{"line":37,"column":8},"end":{"line":39,"column":21}},"10":{"start":{"line":41,"column":8},"end":{"line":41,"column":54}},"11":{"start":{"line":43,"column":8},"end":{"line":43,"column":47}},"12":{"start":{"line":45,"column":8},"end":{"line":51,"column":9}},"13":{"start":{"line":46,"column":12},"end":{"line":46,"column":53}},"14":{"start":{"line":48,"column":12},"end":{"line":48,"column":35}},"15":{"start":{"line":49,"column":12},"end":{"line":49,"column":49}},"16":{"start":{"line":50,"column":12},"end":{"line":50,"column":43}}},"branchMap":{"1":{"line":25,"type":"binary-expr","locations":[{"start":{"line":25,"column":23},"end":{"line":25,"column":62}},{"start":{"line":26,"column":20},"end":{"line":26,"column":70}},{"start":{"line":27,"column":20},"end":{"line":27,"column":71}},{"start":{"line":28,"column":20},"end":{"line":28,"column":29}}]},"2":{"line":30,"type":"binary-expr","locations":[{"start":{"line":30,"column":23},"end":{"line":30,"column":37}},{"start":{"line":31,"column":20},"end":{"line":31,"column":61}},{"start":{"line":32,"column":20},"end":{"line":32,"column":70}},{"start":{"line":33,"column":20},"end":{"line":33,"column":26}}]},"3":{"line":37,"type":"cond-expr","locations":[{"start":{"line":38,"column":14},"end":{"line":38,"column":20}},{"start":{"line":39,"column":14},"end":{"line":39,"column":20}}]},"4":{"line":41,"type":"binary-expr","locations":[{"start":{"line":41,"column":16},"end":{"line":41,"column":44}},{"start":{"line":41,"column":48},"end":{"line":41,"column":53}}]},"5":{"line":45,"type":"if","locations":[{"start":{"line":45,"column":8},"end":{"line":45,"column":8}},{"start":{"line":45,"column":8},"end":{"line":45,"column":8}}]}},"code":["/* istanbul instrument in package npmtest_ws */","/*jslint","    bitwise: true,","    browser: true,","    maxerr: 8,","    maxlen: 96,","    node: true,","    nomen: true,","    regexp: true,","    stupid: true","*/","(function () {","    'use strict';","    var local;","","","","    // run shared js-env code - pre-init","    (function () {","        // init local","        local = {};","        // init modeJs","        local.modeJs = (function () {","            try {","                return typeof navigator.userAgent === 'string' &&","                    typeof document.querySelector('body') === 'object' &&","                    typeof XMLHttpRequest.prototype.open === 'function' &&","                    'browser';","            } catch (errorCaughtBrowser) {","                return module.exports &&","                    typeof process.versions.node === 'string' &&","                    typeof require('http').createServer === 'function' &&","                    'node';","            }","        }());","        // init global","        local.global = local.modeJs === 'browser'","            ? window","            : global;","        // init utility2_rollup","        local = local.global.utility2_rollup || local;","        // init lib","        local.local = local.npmtest_ws = local;","        // init exports","        if (local.modeJs === 'browser') {","            local.global.utility2_npmtest_ws = local;","        } else {","            module.exports = local;","            module.exports.__dirname = __dirname;","            module.exports.module = module;","        }","    }());","}());",""],"l":{"12":2,"14":2,"19":2,"21":2,"23":2,"24":2,"25":2,"30":1,"37":2,"41":2,"43":2,"45":2,"46":1,"48":1,"49":1,"50":1}},"/home/travis/build/npmtest/node-npmtest-ws/example.js":{"path":"/home/travis/build/npmtest/node-npmtest-ws/example.js","s":{"1":2,"2":2,"3":2,"4":2,"5":2,"6":2,"7":2,"8":1,"9":2,"10":2,"11":2,"12":2,"13":1,"14":2,"15":2,"16":2,"17":2,"18":2,"19":0,"20":2,"21":1,"22":1,"23":1,"24":1,"25":1,"26":0,"27":0,"28":1,"29":1,"30":2,"31":0,"32":0,"33":0,"34":1,"35":2,"36":2,"37":3,"38":3,"39":3,"40":3,"41":0,"42":3,"43":3,"44":3,"45":1,"46":3,"47":1,"48":1,"49":1,"50":1,"51":1,"52":1,"53":1,"54":1,"55":1,"56":1,"57":0,"58":1,"59":6,"60":6,"61":1,"62":2,"63":0,"64":2,"65":1,"66":1,"67":0,"68":0,"69":0,"70":0,"71":0,"72":0,"73":0,"74":0,"75":0,"76":0,"77":0,"78":0,"79":0,"80":0,"81":0,"82":0,"83":0},"b":{"1":[2,1,1,1],"2":[1,1,1,1],"3":[1,1],"4":[2,2],"5":[1,1],"6":[1,1],"7":[2,0],"8":[2,1,1,1,1,1],"9":[0,2,0],"10":[1,1],"11":[2,1,1],"12":[1,0],"13":[0,2],"14":[2,0,0,0,0,0,0],"15":[0,3],"16":[3,0],"17":[1,1],"18":[0,1],"19":[1,2,0,2],"20":[1,0],"21":[1,1],"22":[0,0],"23":[0,0],"24":[0,0],"25":[0,0],"26":[0,0],"27":[0,0],"28":[0,0]},"f":{"1":2,"2":2,"3":2,"4":2,"5":2,"6":2,"7":3,"8":3,"9":3,"10":1,"11":6,"12":0},"fnMap":{"1":{"name":"(anonymous_1)","line":26,"loc":{"start":{"line":26,"column":1},"end":{"line":26,"column":13}}},"2":{"name":"(anonymous_2)","line":33,"loc":{"start":{"line":33,"column":5},"end":{"line":33,"column":17}}},"3":{"name":"(anonymous_3)","line":37,"loc":{"start":{"line":37,"column":24},"end":{"line":37,"column":36}}},"4":{"name":"(anonymous_4)","line":69,"loc":{"start":{"line":69,"column":31},"end":{"line":69,"column":48}},"skip":true},"5":{"name":"(anonymous_5)","line":78,"loc":{"start":{"line":78,"column":26},"end":{"line":78,"column":45}},"skip":true},"6":{"name":"(anonymous_6)","line":123,"loc":{"start":{"line":123,"column":33},"end":{"line":123,"column":48}},"skip":true},"7":{"name":"(anonymous_7)","line":125,"loc":{"start":{"line":125,"column":27},"end":{"line":125,"column":39}},"skip":true},"8":{"name":"(anonymous_8)","line":133,"loc":{"start":{"line":133,"column":59},"end":{"line":133,"column":74}},"skip":true},"9":{"name":"(anonymous_9)","line":143,"loc":{"start":{"line":143,"column":45},"end":{"line":143,"column":62}},"skip":true},"10":{"name":"(anonymous_10)","line":144,"loc":{"start":{"line":144,"column":73},"end":{"line":144,"column":92}},"skip":true},"11":{"name":"(anonymous_11)","line":272,"loc":{"start":{"line":272,"column":51},"end":{"line":272,"column":77}},"skip":true},"12":{"name":"(anonymous_12)","line":315,"loc":{"start":{"line":315,"column":32},"end":{"line":315,"column":61}},"skip":true}},"statementMap":{"1":{"start":{"line":26,"column":0},"end":{"line":326,"column":5}},"2":{"start":{"line":28,"column":4},"end":{"line":28,"column":14}},"3":{"start":{"line":33,"column":4},"end":{"line":60,"column":9}},"4":{"start":{"line":35,"column":8},"end":{"line":35,"column":19}},"5":{"start":{"line":37,"column":8},"end":{"line":49,"column":13}},"6":{"start":{"line":38,"column":12},"end":{"line":48,"column":13}},"7":{"start":{"line":39,"column":16},"end":{"line":42,"column":30}},"8":{"start":{"line":44,"column":16},"end":{"line":47,"column":27}},"9":{"start":{"line":51,"column":8},"end":{"line":53,"column":21}},"10":{"start":{"line":55,"column":8},"end":{"line":57,"column":45}},"11":{"start":{"line":59,"column":8},"end":{"line":59,"column":35}},"12":{"start":{"line":61,"column":4},"end":{"line":325,"column":5}},"13":{"start":{"line":69,"column":8},"end":{"line":121,"column":10},"skip":true},"14":{"start":{"line":70,"column":12},"end":{"line":88,"column":13},"skip":true},"15":{"start":{"line":76,"column":16},"end":{"line":87,"column":19},"skip":true},"16":{"start":{"line":79,"column":20},"end":{"line":86,"column":21},"skip":true},"17":{"start":{"line":82,"column":24},"end":{"line":82,"column":43},"skip":true},"18":{"start":{"line":83,"column":24},"end":{"line":83,"column":30},"skip":true},"19":{"start":{"line":85,"column":24},"end":{"line":85,"column":49},"skip":true},"20":{"start":{"line":89,"column":12},"end":{"line":107,"column":13},"skip":true},"21":{"start":{"line":92,"column":16},"end":{"line":102,"column":17},"skip":true},"22":{"start":{"line":93,"column":20},"end":{"line":93,"column":86},"skip":true},"23":{"start":{"line":94,"column":20},"end":{"line":95,"column":45},"skip":true},"24":{"start":{"line":96,"column":20},"end":{"line":96,"column":42},"skip":true},"25":{"start":{"line":97,"column":20},"end":{"line":97,"column":48},"skip":true},"26":{"start":{"line":100,"column":20},"end":{"line":100,"column":85},"skip":true},"27":{"start":{"line":101,"column":20},"end":{"line":101,"column":96},"skip":true},"28":{"start":{"line":103,"column":16},"end":{"line":103,"column":22},"skip":true},"29":{"start":{"line":106,"column":16},"end":{"line":106,"column":22},"skip":true},"30":{"start":{"line":108,"column":12},"end":{"line":120,"column":13},"skip":true},"31":{"start":{"line":114,"column":16},"end":{"line":119,"column":17},"skip":true},"32":{"start":{"line":116,"column":20},"end":{"line":116,"column":78},"skip":true},"33":{"start":{"line":118,"column":20},"end":{"line":118,"column":47},"skip":true},"34":{"start":{"line":123,"column":8},"end":{"line":141,"column":11},"skip":true},"35":{"start":{"line":124,"column":12},"end":{"line":124,"column":54},"skip":true},"36":{"start":{"line":125,"column":12},"end":{"line":140,"column":14},"skip":true},"37":{"start":{"line":126,"column":16},"end":{"line":126,"column":28},"skip":true},"38":{"start":{"line":127,"column":16},"end":{"line":127,"column":69},"skip":true},"39":{"start":{"line":128,"column":16},"end":{"line":128,"column":75},"skip":true},"40":{"start":{"line":129,"column":16},"end":{"line":131,"column":17},"skip":true},"41":{"start":{"line":130,"column":20},"end":{"line":130,"column":27},"skip":true},"42":{"start":{"line":133,"column":16},"end":{"line":137,"column":36},"skip":true},"43":{"start":{"line":134,"column":20},"end":{"line":136,"column":55},"skip":true},"44":{"start":{"line":139,"column":16},"end":{"line":139,"column":57},"skip":true},"45":{"start":{"line":143,"column":8},"end":{"line":147,"column":11},"skip":true},"46":{"start":{"line":144,"column":12},"end":{"line":146,"column":15},"skip":true},"47":{"start":{"line":145,"column":16},"end":{"line":145,"column":70},"skip":true},"48":{"start":{"line":149,"column":8},"end":{"line":149,"column":31},"skip":true},"49":{"start":{"line":150,"column":8},"end":{"line":150,"column":14},"skip":true},"50":{"start":{"line":158,"column":8},"end":{"line":158,"column":31},"skip":true},"51":{"start":{"line":160,"column":8},"end":{"line":160,"column":33},"skip":true},"52":{"start":{"line":161,"column":8},"end":{"line":161,"column":37},"skip":true},"53":{"start":{"line":162,"column":8},"end":{"line":162,"column":35},"skip":true},"54":{"start":{"line":164,"column":8},"end":{"line":164,"column":50},"skip":true},"55":{"start":{"line":166,"column":8},"end":{"line":256,"column":2},"skip":true},"56":{"start":{"line":258,"column":8},"end":{"line":286,"column":9},"skip":true},"57":{"start":{"line":259,"column":12},"end":{"line":269,"column":14},"skip":true},"58":{"start":{"line":271,"column":12},"end":{"line":285,"column":19},"skip":true},"59":{"start":{"line":274,"column":20},"end":{"line":274,"column":35},"skip":true},"60":{"start":{"line":275,"column":20},"end":{"line":284,"column":21},"skip":true},"61":{"start":{"line":277,"column":24},"end":{"line":277,"column":64},"skip":true},"62":{"start":{"line":279,"column":24},"end":{"line":279,"column":40},"skip":true},"63":{"start":{"line":281,"column":24},"end":{"line":281,"column":40},"skip":true},"64":{"start":{"line":283,"column":24},"end":{"line":283,"column":39},"skip":true},"65":{"start":{"line":288,"column":8},"end":{"line":290,"column":9},"skip":true},"66":{"start":{"line":289,"column":12},"end":{"line":289,"column":18},"skip":true},"67":{"start":{"line":291,"column":8},"end":{"line":293,"column":54},"skip":true},"68":{"start":{"line":296,"column":8},"end":{"line":301,"column":37},"skip":true},"69":{"start":{"line":303,"column":8},"end":{"line":303,"column":82},"skip":true},"70":{"start":{"line":306,"column":8},"end":{"line":308,"column":9},"skip":true},"71":{"start":{"line":307,"column":12},"end":{"line":307,"column":82},"skip":true},"72":{"start":{"line":310,"column":8},"end":{"line":312,"column":9},"skip":true},"73":{"start":{"line":311,"column":12},"end":{"line":311,"column":18},"skip":true},"74":{"start":{"line":313,"column":8},"end":{"line":313,"column":54},"skip":true},"75":{"start":{"line":314,"column":8},"end":{"line":314,"column":69},"skip":true},"76":{"start":{"line":315,"column":8},"end":{"line":323,"column":36},"skip":true},"77":{"start":{"line":316,"column":12},"end":{"line":316,"column":61},"skip":true},"78":{"start":{"line":317,"column":12},"end":{"line":320,"column":13},"skip":true},"79":{"start":{"line":318,"column":16},"end":{"line":318,"column":75},"skip":true},"80":{"start":{"line":319,"column":16},"end":{"line":319,"column":23},"skip":true},"81":{"start":{"line":321,"column":12},"end":{"line":321,"column":38},"skip":true},"82":{"start":{"line":322,"column":12},"end":{"line":322,"column":27},"skip":true},"83":{"start":{"line":324,"column":8},"end":{"line":324,"column":14},"skip":true}},"branchMap":{"1":{"line":39,"type":"binary-expr","locations":[{"start":{"line":39,"column":23},"end":{"line":39,"column":62}},{"start":{"line":40,"column":20},"end":{"line":40,"column":70}},{"start":{"line":41,"column":20},"end":{"line":41,"column":71}},{"start":{"line":42,"column":20},"end":{"line":42,"column":29}}]},"2":{"line":44,"type":"binary-expr","locations":[{"start":{"line":44,"column":23},"end":{"line":44,"column":37}},{"start":{"line":45,"column":20},"end":{"line":45,"column":61}},{"start":{"line":46,"column":20},"end":{"line":46,"column":70}},{"start":{"line":47,"column":20},"end":{"line":47,"column":26}}]},"3":{"line":51,"type":"cond-expr","locations":[{"start":{"line":52,"column":14},"end":{"line":52,"column":20}},{"start":{"line":53,"column":14},"end":{"line":53,"column":20}}]},"4":{"line":55,"type":"binary-expr","locations":[{"start":{"line":55,"column":16},"end":{"line":55,"column":44}},{"start":{"line":55,"column":49},"end":{"line":57,"column":43}}]},"5":{"line":55,"type":"cond-expr","locations":[{"start":{"line":56,"column":14},"end":{"line":56,"column":46}},{"start":{"line":57,"column":14},"end":{"line":57,"column":43}}]},"6":{"line":61,"type":"switch","locations":[{"start":{"line":68,"column":4},"end":{"line":150,"column":14},"skip":true},{"start":{"line":156,"column":4},"end":{"line":324,"column":14},"skip":true}]},"7":{"line":70,"type":"if","locations":[{"start":{"line":70,"column":12},"end":{"line":70,"column":12},"skip":true},{"start":{"line":70,"column":12},"end":{"line":70,"column":12},"skip":true}]},"8":{"line":70,"type":"binary-expr","locations":[{"start":{"line":70,"column":16},"end":{"line":70,"column":22},"skip":true},{"start":{"line":70,"column":27},"end":{"line":70,"column":32},"skip":true},{"start":{"line":71,"column":20},"end":{"line":71,"column":39},"skip":true},{"start":{"line":72,"column":20},"end":{"line":72,"column":49},"skip":true},{"start":{"line":73,"column":20},"end":{"line":73,"column":58},"skip":true},{"start":{"line":74,"column":20},"end":{"line":74,"column":69},"skip":true}]},"9":{"line":79,"type":"switch","locations":[{"start":{"line":80,"column":20},"end":{"line":80,"column":33},"skip":true},{"start":{"line":81,"column":20},"end":{"line":83,"column":30},"skip":true},{"start":{"line":84,"column":20},"end":{"line":85,"column":49},"skip":true}]},"10":{"line":89,"type":"switch","locations":[{"start":{"line":90,"column":12},"end":{"line":103,"column":22},"skip":true},{"start":{"line":105,"column":12},"end":{"line":106,"column":22},"skip":true}]},"11":{"line":89,"type":"binary-expr","locations":[{"start":{"line":89,"column":20},"end":{"line":89,"column":25},"skip":true},{"start":{"line":89,"column":29},"end":{"line":89,"column":48},"skip":true},{"start":{"line":89,"column":52},"end":{"line":89,"column":74},"skip":true}]},"12":{"line":92,"type":"if","locations":[{"start":{"line":92,"column":16},"end":{"line":92,"column":16},"skip":true},{"start":{"line":92,"column":16},"end":{"line":92,"column":16},"skip":true}]},"13":{"line":108,"type":"if","locations":[{"start":{"line":108,"column":12},"end":{"line":108,"column":12},"skip":true},{"start":{"line":108,"column":12},"end":{"line":108,"column":12},"skip":true}]},"14":{"line":108,"type":"binary-expr","locations":[{"start":{"line":108,"column":16},"end":{"line":108,"column":61},"skip":true},{"start":{"line":108,"column":66},"end":{"line":108,"column":72},"skip":true},{"start":{"line":108,"column":77},"end":{"line":108,"column":82},"skip":true},{"start":{"line":109,"column":20},"end":{"line":109,"column":39},"skip":true},{"start":{"line":110,"column":20},"end":{"line":110,"column":49},"skip":true},{"start":{"line":111,"column":20},"end":{"line":111,"column":58},"skip":true},{"start":{"line":112,"column":20},"end":{"line":112,"column":68},"skip":true}]},"15":{"line":129,"type":"if","locations":[{"start":{"line":129,"column":16},"end":{"line":129,"column":16},"skip":true},{"start":{"line":129,"column":16},"end":{"line":129,"column":16},"skip":true}]},"16":{"line":134,"type":"cond-expr","locations":[{"start":{"line":135,"column":26},"end":{"line":135,"column":29},"skip":true},{"start":{"line":136,"column":26},"end":{"line":136,"column":54},"skip":true}]},"17":{"line":164,"type":"binary-expr","locations":[{"start":{"line":164,"column":27},"end":{"line":164,"column":43},"skip":true},{"start":{"line":164,"column":47},"end":{"line":164,"column":49},"skip":true}]},"18":{"line":258,"type":"if","locations":[{"start":{"line":258,"column":8},"end":{"line":258,"column":8},"skip":true},{"start":{"line":258,"column":8},"end":{"line":258,"column":8},"skip":true}]},"19":{"line":275,"type":"switch","locations":[{"start":{"line":276,"column":20},"end":{"line":277,"column":64},"skip":true},{"start":{"line":278,"column":20},"end":{"line":279,"column":40},"skip":true},{"start":{"line":280,"column":20},"end":{"line":281,"column":40},"skip":true},{"start":{"line":282,"column":20},"end":{"line":283,"column":39},"skip":true}]},"20":{"line":288,"type":"if","locations":[{"start":{"line":288,"column":8},"end":{"line":288,"column":8},"skip":true},{"start":{"line":288,"column":8},"end":{"line":288,"column":8},"skip":true}]},"21":{"line":288,"type":"binary-expr","locations":[{"start":{"line":288,"column":12},"end":{"line":288,"column":40},"skip":true},{"start":{"line":288,"column":44},"end":{"line":288,"column":67},"skip":true}]},"22":{"line":292,"type":"binary-expr","locations":[{"start":{"line":292,"column":12},"end":{"line":292,"column":50},"skip":true},{"start":{"line":293,"column":12},"end":{"line":293,"column":53},"skip":true}]},"23":{"line":297,"type":"binary-expr","locations":[{"start":{"line":297,"column":12},"end":{"line":297,"column":60},"skip":true},{"start":{"line":298,"column":12},"end":{"line":301,"column":36},"skip":true}]},"24":{"line":303,"type":"binary-expr","locations":[{"start":{"line":303,"column":43},"end":{"line":303,"column":75},"skip":true},{"start":{"line":303,"column":79},"end":{"line":303,"column":81},"skip":true}]},"25":{"line":306,"type":"if","locations":[{"start":{"line":306,"column":8},"end":{"line":306,"column":8},"skip":true},{"start":{"line":306,"column":8},"end":{"line":306,"column":8},"skip":true}]},"26":{"line":310,"type":"if","locations":[{"start":{"line":310,"column":8},"end":{"line":310,"column":8},"skip":true},{"start":{"line":310,"column":8},"end":{"line":310,"column":8},"skip":true}]},"27":{"line":313,"type":"binary-expr","locations":[{"start":{"line":313,"column":27},"end":{"line":313,"column":43},"skip":true},{"start":{"line":313,"column":47},"end":{"line":313,"column":53},"skip":true}]},"28":{"line":317,"type":"if","locations":[{"start":{"line":317,"column":12},"end":{"line":317,"column":12},"skip":true},{"start":{"line":317,"column":12},"end":{"line":317,"column":12},"skip":true}]}},"code":["/*","example.js","","quickstart example","","instruction","    1. save this script as example.js","    2. run the shell command:","        $ npm install npmtest-ws && PORT=8081 node example.js","    3. play with the browser-demo on http://127.0.0.1:8081","*/","","","","/* istanbul instrument in package npmtest_ws */","/*jslint","    bitwise: true,","    browser: true,","    maxerr: 8,","    maxlen: 96,","    node: true,","    nomen: true,","    regexp: true,","    stupid: true","*/","(function () {","    'use strict';","    var local;","","","","    // run shared js-env code - pre-init","    (function () {","        // init local","        local = {};","        // init modeJs","        local.modeJs = (function () {","            try {","                return typeof navigator.userAgent === 'string' &&","                    typeof document.querySelector('body') === 'object' &&","                    typeof XMLHttpRequest.prototype.open === 'function' &&","                    'browser';","            } catch (errorCaughtBrowser) {","                return module.exports &&","                    typeof process.versions.node === 'string' &&","                    typeof require('http').createServer === 'function' &&","                    'node';","            }","        }());","        // init global","        local.global = local.modeJs === 'browser'","            ? window","            : global;","        // init utility2_rollup","        local = local.global.utility2_rollup || (local.modeJs === 'browser'","            ? local.global.utility2_npmtest_ws","            : global.utility2_moduleExports);","        // export local","        local.global.local = local;","    }());","    switch (local.modeJs) {","","","","    // post-init","    // run browser js-env code - post-init","    /* istanbul ignore next */","    case 'browser':","        local.testRunBrowser = function (event) {","            if (!event || (event &&","                    event.currentTarget &&","                    event.currentTarget.className &&","                    event.currentTarget.className.includes &&","                    event.currentTarget.className.includes('onreset'))) {","                // reset output","                Array.from(","                    document.querySelectorAll('body > .resettable')","                ).forEach(function (element) {","                    switch (element.tagName) {","                    case 'INPUT':","                    case 'TEXTAREA':","                        element.value = '';","                        break;","                    default:","                        element.textContent = '';","                    }","                });","            }","            switch (event && event.currentTarget && event.currentTarget.id) {","            case 'testRunButton1':","                // show tests","                if (document.querySelector('#testReportDiv1').style.display === 'none') {","                    document.querySelector('#testReportDiv1').style.display = 'block';","                    document.querySelector('#testRunButton1').textContent =","                        'hide internal test';","                    local.modeTest = true;","                    local.testRunDefault(local);","                // hide tests","                } else {","                    document.querySelector('#testReportDiv1').style.display = 'none';","                    document.querySelector('#testRunButton1').textContent = 'run internal test';","                }","                break;","            // custom-case","            default:","                break;","            }","            if (document.querySelector('#inputTextareaEval1') && (!event || (event &&","                    event.currentTarget &&","                    event.currentTarget.className &&","                    event.currentTarget.className.includes &&","                    event.currentTarget.className.includes('oneval')))) {","                // try to eval input-code","                try {","                    /*jslint evil: true*/","                    eval(document.querySelector('#inputTextareaEval1').value);","                } catch (errorCaught) {","                    console.error(errorCaught);","                }","            }","        };","        // log stderr and stdout to #outputTextareaStdout1","        ['error', 'log'].forEach(function (key) {","            console[key + '_original'] = console[key];","            console[key] = function () {","                var element;","                console[key + '_original'].apply(console, arguments);","                element = document.querySelector('#outputTextareaStdout1');","                if (!element) {","                    return;","                }","                // append text to #outputTextareaStdout1","                element.value += Array.from(arguments).map(function (arg) {","                    return typeof arg === 'string'","                        ? arg","                        : JSON.stringify(arg, null, 4);","                }).join(' ') + '\\n';","                // scroll textarea to bottom","                element.scrollTop = element.scrollHeight;","            };","        });","        // init event-handling","        ['change', 'click', 'keyup'].forEach(function (event) {","            Array.from(document.querySelectorAll('.on' + event)).forEach(function (element) {","                element.addEventListener(event, local.testRunBrowser);","            });","        });","        // run tests","        local.testRunBrowser();","        break;","","","","    // run node js-env code - post-init","    /* istanbul ignore next */","    case 'node':","        // export local","        module.exports = local;","        // require modules","        local.fs = require('fs');","        local.http = require('http');","        local.url = require('url');","        // init assets","        local.assetsDict = local.assetsDict || {};","        /* jslint-ignore-begin */","        local.assetsDict['/assets.index.template.html'] = '\\","<!doctype html>\\n\\","<html lang=\"en\">\\n\\","<head>\\n\\","<meta charset=\"UTF-8\">\\n\\","<meta name=\"viewport\" content=\"width=device-width, initial-scale=1\">\\n\\","<title>{{env.npm_package_name}} (v{{env.npm_package_version}})</title>\\n\\","<style>\\n\\","/*csslint\\n\\","    box-sizing: false,\\n\\","    universal-selector: false\\n\\","*/\\n\\","* {\\n\\","    box-sizing: border-box;\\n\\","}\\n\\","body {\\n\\","    background: #dde;\\n\\","    font-family: Arial, Helvetica, sans-serif;\\n\\","    margin: 2rem;\\n\\","}\\n\\","body > * {\\n\\","    margin-bottom: 1rem;\\n\\","}\\n\\",".utility2FooterDiv {\\n\\","    margin-top: 20px;\\n\\","    text-align: center;\\n\\","}\\n\\","</style>\\n\\","<style>\\n\\","/*csslint\\n\\","*/\\n\\","textarea {\\n\\","    font-family: monospace;\\n\\","    height: 10rem;\\n\\","    width: 100%;\\n\\","}\\n\\","textarea[readonly] {\\n\\","    background: #ddd;\\n\\","}\\n\\","</style>\\n\\","</head>\\n\\","<body>\\n\\","<!-- utility2-comment\\n\\","<div id=\"ajaxProgressDiv1\" style=\"background: #d00; height: 2px; left: 0; margin: 0; padding: 0; position: fixed; top: 0; transition: background 0.5s, width 1.5s; width: 25%;\"></div>\\n\\","utility2-comment -->\\n\\","<h1>\\n\\","<!-- utility2-comment\\n\\","    <a\\n\\","        {{#if env.npm_package_homepage}}\\n\\","        href=\"{{env.npm_package_homepage}}\"\\n\\","        {{/if env.npm_package_homepage}}\\n\\","        target=\"_blank\"\\n\\","    >\\n\\","utility2-comment -->\\n\\","        {{env.npm_package_name}} (v{{env.npm_package_version}})\\n\\","<!-- utility2-comment\\n\\","    </a>\\n\\","utility2-comment -->\\n\\","</h1>\\n\\","<h3>{{env.npm_package_description}}</h3>\\n\\","<!-- utility2-comment\\n\\","<h4><a download href=\"assets.app.js\">download standalone app</a></h4>\\n\\","<button class=\"onclick onreset\" id=\"testRunButton1\">run internal test</button><br>\\n\\","<div id=\"testReportDiv1\" style=\"display: none;\"></div>\\n\\","utility2-comment -->\\n\\","\\n\\","\\n\\","\\n\\","<label>stderr and stdout</label>\\n\\","<textarea class=\"resettable\" id=\"outputTextareaStdout1\" readonly></textarea>\\n\\","<!-- utility2-comment\\n\\","{{#if isRollup}}\\n\\","<script src=\"assets.app.js\"></script>\\n\\","{{#unless isRollup}}\\n\\","utility2-comment -->\\n\\","<script src=\"assets.utility2.rollup.js\"></script>\\n\\","<script src=\"jsonp.utility2._stateInit?callback=window.utility2._stateInit\"></script>\\n\\","<script src=\"assets.npmtest_ws.rollup.js\"></script>\\n\\","<script src=\"assets.example.js\"></script>\\n\\","<script src=\"assets.test.js\"></script>\\n\\","<!-- utility2-comment\\n\\","{{/if isRollup}}\\n\\","utility2-comment -->\\n\\","<div class=\"utility2FooterDiv\">\\n\\","    [ this app was created with\\n\\","    <a href=\"https://github.com/kaizhu256/node-utility2\" target=\"_blank\">utility2</a>\\n\\","    ]\\n\\","</div>\\n\\","</body>\\n\\","</html>\\n\\","';","        /* jslint-ignore-end */","        if (local.templateRender) {","            local.assetsDict['/'] = local.templateRender(","                local.assetsDict['/assets.index.template.html'],","                {","                    env: local.objectSetDefault(local.env, {","                        npm_package_description: 'the greatest app in the world!',","                        npm_package_name: 'my-app',","                        npm_package_nameAlias: 'my_app',","                        npm_package_version: '0.0.1'","                    })","                }","            );","        } else {","            local.assetsDict['/'] = local.assetsDict['/assets.index.template.html']","                .replace((/\\{\\{env\\.(\\w+?)\\}\\}/g), function (match0, match1) {","                    // jslint-hack","                    String(match0);","                    switch (match1) {","                    case 'npm_package_description':","                        return 'the greatest app in the world!';","                    case 'npm_package_name':","                        return 'my-app';","                    case 'npm_package_nameAlias':","                        return 'my_app';","                    case 'npm_package_version':","                        return '0.0.1';","                    }","                });","        }","        // run the cli","        if (local.global.utility2_rollup || module !== require.main) {","            break;","        }","        local.assetsDict['/assets.example.js'] =","            local.assetsDict['/assets.example.js'] ||","            local.fs.readFileSync(__filename, 'utf8');","        // bug-workaround - long $npm_package_buildCustomOrg","        /* jslint-ignore-begin */","        local.assetsDict['/assets.npmtest_ws.rollup.js'] =","            local.assetsDict['/assets.npmtest_ws.rollup.js'] ||","            local.fs.readFileSync(","                local.npmtest_ws.__dirname + '/lib.npmtest_ws.js',","                'utf8'","            ).replace((/^#!/), '//');","        /* jslint-ignore-end */","        local.assetsDict['/favicon.ico'] = local.assetsDict['/favicon.ico'] || '';","        // if $npm_config_timeout_exit exists,","        // then exit this process after $npm_config_timeout_exit ms","        if (Number(process.env.npm_config_timeout_exit)) {","            setTimeout(process.exit, Number(process.env.npm_config_timeout_exit));","        }","        // start server","        if (local.global.utility2_serverHttp1) {","            break;","        }","        process.env.PORT = process.env.PORT || '8081';","        console.error('server starting on port ' + process.env.PORT);","        local.http.createServer(function (request, response) {","            request.urlParsed = local.url.parse(request.url);","            if (local.assetsDict[request.urlParsed.pathname] !== undefined) {","                response.end(local.assetsDict[request.urlParsed.pathname]);","                return;","            }","            response.statusCode = 404;","            response.end();","        }).listen(process.env.PORT);","        break;","    }","}());",""],"l":{"26":2,"28":2,"33":2,"35":2,"37":2,"38":2,"39":2,"44":1,"51":2,"55":2,"59":2,"61":2,"69":1,"70":2,"76":2,"79":2,"82":2,"83":2,"85":1,"89":2,"92":1,"93":1,"94":1,"96":1,"97":1,"100":1,"101":1,"103":1,"106":1,"108":2,"114":1,"116":1,"118":1,"123":1,"124":2,"125":2,"126":3,"127":3,"128":3,"129":3,"130":1,"133":3,"134":3,"139":3,"143":1,"144":3,"145":1,"149":1,"150":1,"158":1,"160":1,"161":1,"162":1,"164":1,"166":1,"258":1,"259":1,"271":1,"274":6,"275":6,"277":1,"279":2,"281":1,"283":2,"288":1,"289":1,"291":1,"296":1,"303":1,"306":1,"307":1,"310":1,"311":1,"313":1,"314":1,"315":1,"316":1,"317":1,"318":1,"319":1,"321":1,"322":1,"324":1}},"/home/travis/build/npmtest/node-npmtest-ws/node_modules/ws/index.js":{"path":"/home/travis/build/npmtest/node-npmtest-ws/node_modules/ws/index.js","s":{"1":1,"2":1,"3":1,"4":1,"5":1},"b":{},"f":{},"fnMap":{},"statementMap":{"1":{"start":{"line":9,"column":0},"end":{"line":9,"column":45}},"2":{"start":{"line":11,"column":0},"end":{"line":11,"column":52}},"3":{"start":{"line":12,"column":0},"end":{"line":12,"column":47}},"4":{"start":{"line":13,"column":0},"end":{"line":13,"column":43}},"5":{"start":{"line":15,"column":0},"end":{"line":15,"column":27}}},"branchMap":{},"code":["/*!"," * ws: a node.js websocket client"," * Copyright(c) 2011 Einar Otto Stangvik <einaros@gmail.com>"," * MIT Licensed"," */","","'use strict';","","const WebSocket = require('./lib/WebSocket');","","WebSocket.Server = require('./lib/WebSocketServer');","WebSocket.Receiver = require('./lib/Receiver');","WebSocket.Sender = require('./lib/Sender');","","module.exports = WebSocket;",""],"l":{"9":1,"11":1,"12":1,"13":1,"15":1}},"/home/travis/build/npmtest/node-npmtest-ws/node_modules/ws/lib/WebSocket.js":{"path":"/home/travis/build/npmtest/node-npmtest-ws/node_modules/ws/lib/WebSocket.js","s":{"1":1,"2":1,"3":1,"4":1,"5":1,"6":1,"7":1,"8":1,"9":1,"10":1,"11":1,"12":1,"13":1,"14":1,"15":0,"16":0,"17":0,"18":0,"19":0,"20":0,"21":0,"22":0,"23":0,"24":0,"25":0,"26":0,"27":0,"28":0,"29":0,"30":0,"31":0,"32":0,"33":0,"34":0,"35":0,"36":0,"37":0,"38":0,"39":0,"40":0,"41":0,"42":0,"43":0,"44":0,"45":0,"46":0,"47":0,"48":0,"49":0,"50":0,"51":0,"52":0,"53":0,"54":0,"55":0,"56":0,"57":0,"58":0,"59":0,"60":0,"61":0,"62":0,"63":0,"64":0,"65":0,"66":0,"67":0,"68":0,"69":0,"70":0,"71":0,"72":0,"73":0,"74":0,"75":0,"76":0,"77":0,"78":0,"79":0,"80":0,"81":0,"82":0,"83":0,"84":0,"85":0,"86":0,"87":0,"88":0,"89":0,"90":0,"91":0,"92":0,"93":0,"94":0,"95":0,"96":0,"97":0,"98":0,"99":0,"100":0,"101":0,"102":0,"103":0,"104":0,"105":0,"106":0,"107":0,"108":0,"109":0,"110":0,"111":0,"112":0,"113":0,"114":0,"115":0,"116":0,"117":0,"118":0,"119":0,"120":0,"121":0,"122":0,"123":0,"124":0,"125":0,"126":0,"127":0,"128":0,"129":0,"130":0,"131":0,"132":0,"133":0,"134":0,"135":0,"136":0,"137":0,"138":0,"139":0,"140":0,"141":0,"142":0,"143":0,"144":0,"145":0,"146":0,"147":0,"148":0,"149":0,"150":0,"151":0,"152":0,"153":0,"154":0,"155":0,"156":0,"157":0,"158":0,"159":0,"160":0,"161":0,"162":0,"163":0,"164":0,"165":0,"166":0,"167":0,"168":0,"169":0,"170":0,"171":0,"172":0,"173":0,"174":0,"175":0,"176":0,"177":0,"178":0,"179":0,"180":0,"181":0,"182":0,"183":0,"184":0,"185":0,"186":0,"187":1,"188":1,"189":1,"190":1,"191":1,"192":4,"193":0,"194":0,"195":0,"196":0,"197":0,"198":0,"199":0,"200":0,"201":0,"202":1,"203":1,"204":1,"205":1,"206":0,"207":0,"208":0,"209":0,"210":0,"211":0,"212":0,"213":1,"214":0,"215":0,"216":0,"217":0,"218":0,"219":0,"220":0,"221":0,"222":0,"223":0,"224":0,"225":0,"226":0,"227":0,"228":0,"229":0,"230":0,"231":0,"232":0,"233":0,"234":0,"235":0,"236":0,"237":0,"238":0,"239":0,"240":0,"241":0,"242":0,"243":0,"244":0,"245":0,"246":0,"247":0,"248":0,"249":0,"250":0,"251":0,"252":0,"253":0,"254":0,"255":0,"256":0,"257":0,"258":0,"259":0,"260":0,"261":0,"262":0,"263":0,"264":0,"265":0,"266":0,"267":0,"268":0,"269":0,"270":0,"271":0,"272":0,"273":0,"274":0,"275":0,"276":0,"277":0,"278":0,"279":0,"280":0,"281":0,"282":0,"283":0,"284":0,"285":0,"286":0,"287":0,"288":0,"289":0,"290":0,"291":0,"292":0,"293":0,"294":0,"295":0,"296":0,"297":0,"298":0,"299":0,"300":0,"301":0,"302":0,"303":0,"304":0,"305":0,"306":0,"307":0,"308":0,"309":0,"310":0,"311":0,"312":0,"313":0,"314":0,"315":0,"316":0,"317":0,"318":0,"319":0,"320":0,"321":0,"322":0,"323":0},"b":{"1":[0,0],"2":[0,0],"3":[0,0],"4":[0,0],"5":[0,0],"6":[0,0],"7":[0,0],"8":[0,0],"9":[0,0],"10":[0,0],"11":[0,0],"12":[0,0],"13":[0,0],"14":[0,0],"15":[0,0],"16":[0,0],"17":[0,0],"18":[0,0],"19":[0,0],"20":[0,0],"21":[0,0],"22":[0,0],"23":[0,0],"24":[0,0],"25":[0,0],"26":[0,0],"27":[0,0],"28":[0,0],"29":[0,0],"30":[0,0],"31":[0,0],"32":[0,0],"33":[0,0],"34":[0,0],"35":[0,0],"36":[0,0],"37":[0,0],"38":[0,0],"39":[0,0],"40":[0,0],"41":[0,0],"42":[0,0],"43":[0,0],"44":[0,0],"45":[0,0],"46":[0,0],"47":[0,0],"48":[0,0],"49":[0,0],"50":[0,0],"51":[0,0],"52":[0,0],"53":[0,0],"54":[0,0],"55":[0,0,0],"56":[0,0],"57":[0,0],"58":[0,0],"59":[0,0],"60":[0,0],"61":[0,0],"62":[0,0],"63":[0,0],"64":[0,0],"65":[0,0],"66":[0,0],"67":[0,0],"68":[0,0],"69":[0,0],"70":[0,0],"71":[0,0],"72":[0,0],"73":[0,0],"74":[0,0],"75":[0,0,0,0,0,0,0,0],"76":[0,0],"77":[0,0],"78":[0,0],"79":[0,0],"80":[0,0],"81":[0,0],"82":[0,0],"83":[0,0],"84":[0,0],"85":[0,0],"86":[0,0],"87":[0,0],"88":[0,0],"89":[0,0],"90":[0,0],"91":[0,0],"92":[0,0],"93":[0,0],"94":[0,0],"95":[0,0],"96":[0,0],"97":[0,0],"98":[0,0],"99":[0,0]},"f":{"1":0,"2":0,"3":0,"4":0,"5":0,"6":0,"7":0,"8":0,"9":0,"10":0,"11":0,"12":0,"13":0,"14":0,"15":0,"16":0,"17":0,"18":0,"19":0,"20":0,"21":0,"22":0,"23":0},"fnMap":{"1":{"name":"(anonymous_1)","line":39,"loc":{"start":{"line":39,"column":14},"end":{"line":39,"column":44}}},"2":{"name":"(anonymous_2)","line":74,"loc":{"start":{"line":74,"column":17},"end":{"line":74,"column":20}}},"3":{"name":"(anonymous_3)","line":75,"loc":{"start":{"line":75,"column":14},"end":{"line":75,"column":17}}},"4":{"name":"(anonymous_4)","line":76,"loc":{"start":{"line":76,"column":13},"end":{"line":76,"column":16}}},"5":{"name":"(anonymous_5)","line":77,"loc":{"start":{"line":77,"column":11},"end":{"line":77,"column":14}}},"6":{"name":"(anonymous_6)","line":82,"loc":{"start":{"line":82,"column":21},"end":{"line":82,"column":24}}},"7":{"name":"(anonymous_7)","line":97,"loc":{"start":{"line":97,"column":17},"end":{"line":97,"column":20}}},"8":{"name":"(anonymous_8)","line":101,"loc":{"start":{"line":101,"column":17},"end":{"line":101,"column":24}}},"9":{"name":"(anonymous_9)","line":119,"loc":{"start":{"line":119,"column":12},"end":{"line":119,"column":27}}},"10":{"name":"(anonymous_10)","line":179,"loc":{"start":{"line":179,"column":11},"end":{"line":179,"column":19}}},"11":{"name":"onerror","line":197,"loc":{"start":{"line":197,"column":31},"end":{"line":197,"column":51}}},"12":{"name":"(anonymous_12)","line":225,"loc":{"start":{"line":225,"column":12},"end":{"line":225,"column":15}}},"13":{"name":"(anonymous_13)","line":244,"loc":{"start":{"line":244,"column":8},"end":{"line":244,"column":11}}},"14":{"name":"(anonymous_14)","line":255,"loc":{"start":{"line":255,"column":9},"end":{"line":255,"column":12}}},"15":{"name":"(anonymous_15)","line":268,"loc":{"start":{"line":268,"column":8},"end":{"line":268,"column":21}}},"16":{"name":"(anonymous_16)","line":308,"loc":{"start":{"line":308,"column":7},"end":{"line":308,"column":34}}},"17":{"name":"(anonymous_17)","line":327,"loc":{"start":{"line":327,"column":7},"end":{"line":327,"column":34}}},"18":{"name":"(anonymous_18)","line":350,"loc":{"start":{"line":350,"column":7},"end":{"line":350,"column":27}}},"19":{"name":"(anonymous_19)","line":383,"loc":{"start":{"line":383,"column":12},"end":{"line":383,"column":15}}},"20":{"name":"(anonymous_20)","line":415,"loc":{"start":{"line":415,"column":8},"end":{"line":415,"column":11}}},"21":{"name":"(anonymous_21)","line":427,"loc":{"start":{"line":427,"column":8},"end":{"line":427,"column":19}}},"22":{"name":"initAsServerClient","line":458,"loc":{"start":{"line":458,"column":0},"end":{"line":458,"column":57}}},"23":{"name":"initAsClient","line":495,"loc":{"start":{"line":495,"column":0},"end":{"line":495,"column":52}}}},"statementMap":{"1":{"start":{"line":9,"column":0},"end":{"line":9,"column":39}},"2":{"start":{"line":10,"column":0},"end":{"line":10,"column":33}},"3":{"start":{"line":11,"column":0},"end":{"line":11,"column":33}},"4":{"start":{"line":12,"column":0},"end":{"line":12,"column":31}},"5":{"start":{"line":13,"column":0},"end":{"line":13,"column":29}},"6":{"start":{"line":14,"column":0},"end":{"line":14,"column":27}},"7":{"start":{"line":16,"column":0},"end":{"line":16,"column":57}},"8":{"start":{"line":17,"column":0},"end":{"line":17,"column":45}},"9":{"start":{"line":18,"column":0},"end":{"line":18,"column":43}},"10":{"start":{"line":19,"column":0},"end":{"line":19,"column":41}},"11":{"start":{"line":20,"column":0},"end":{"line":20,"column":39}},"12":{"start":{"line":21,"column":0},"end":{"line":21,"column":35}},"13":{"start":{"line":23,"column":0},"end":{"line":23,"column":33}},"14":{"start":{"line":24,"column":0},"end":{"line":24,"column":31}},"15":{"start":{"line":40,"column":4},"end":{"line":40,"column":12}},"16":{"start":{"line":42,"column":4},"end":{"line":49,"column":5}},"17":{"start":{"line":43,"column":6},"end":{"line":43,"column":21}},"18":{"start":{"line":44,"column":11},"end":{"line":49,"column":5}},"19":{"start":{"line":45,"column":6},"end":{"line":45,"column":30}},"20":{"start":{"line":46,"column":11},"end":{"line":49,"column":5}},"21":{"start":{"line":47,"column":6},"end":{"line":47,"column":26}},"22":{"start":{"line":48,"column":6},"end":{"line":48,"column":21}},"23":{"start":{"line":51,"column":4},"end":{"line":51,"column":43}},"24":{"start":{"line":52,"column":4},"end":{"line":52,"column":27}},"25":{"start":{"line":53,"column":4},"end":{"line":53,"column":25}},"26":{"start":{"line":54,"column":4},"end":{"line":54,"column":23}},"27":{"start":{"line":56,"column":4},"end":{"line":56,"column":49}},"28":{"start":{"line":57,"column":4},"end":{"line":57,"column":46}},"29":{"start":{"line":58,"column":4},"end":{"line":58,"column":33}},"30":{"start":{"line":59,"column":4},"end":{"line":59,"column":30}},"31":{"start":{"line":60,"column":4},"end":{"line":60,"column":28}},"32":{"start":{"line":61,"column":4},"end":{"line":61,"column":27}},"33":{"start":{"line":62,"column":4},"end":{"line":62,"column":26}},"34":{"start":{"line":63,"column":4},"end":{"line":63,"column":24}},"35":{"start":{"line":64,"column":4},"end":{"line":64,"column":24}},"36":{"start":{"line":65,"column":4},"end":{"line":65,"column":24}},"37":{"start":{"line":67,"column":4},"end":{"line":71,"column":5}},"38":{"start":{"line":68,"column":6},"end":{"line":68,"column":81}},"39":{"start":{"line":70,"column":6},"end":{"line":70,"column":59}},"40":{"start":{"line":74,"column":22},"end":{"line":74,"column":50}},"41":{"start":{"line":75,"column":19},"end":{"line":75,"column":44}},"42":{"start":{"line":76,"column":18},"end":{"line":76,"column":42}},"43":{"start":{"line":77,"column":16},"end":{"line":77,"column":38}},"44":{"start":{"line":83,"column":4},"end":{"line":83,"column":19}},"45":{"start":{"line":85,"column":4},"end":{"line":87,"column":5}},"46":{"start":{"line":86,"column":6},"end":{"line":86,"column":68}},"47":{"start":{"line":88,"column":4},"end":{"line":88,"column":18}},"48":{"start":{"line":98,"column":4},"end":{"line":98,"column":28}},"49":{"start":{"line":102,"column":4},"end":{"line":102,"column":57}},"50":{"start":{"line":102,"column":50},"end":{"line":102,"column":57}},"51":{"start":{"line":104,"column":4},"end":{"line":104,"column":28}},"52":{"start":{"line":109,"column":4},"end":{"line":109,"column":57}},"53":{"start":{"line":109,"column":24},"end":{"line":109,"column":57}},"54":{"start":{"line":120,"column":4},"end":{"line":120,"column":25}},"55":{"start":{"line":121,"column":4},"end":{"line":121,"column":24}},"56":{"start":{"line":123,"column":4},"end":{"line":123,"column":85}},"57":{"start":{"line":124,"column":4},"end":{"line":124,"column":55}},"58":{"start":{"line":125,"column":4},"end":{"line":125,"column":38}},"59":{"start":{"line":126,"column":4},"end":{"line":126,"column":26}},"60":{"start":{"line":129,"column":4},"end":{"line":129,"column":45}},"61":{"start":{"line":130,"column":4},"end":{"line":130,"column":45}},"62":{"start":{"line":131,"column":4},"end":{"line":131,"column":43}},"63":{"start":{"line":134,"column":4},"end":{"line":137,"column":5}},"64":{"start":{"line":135,"column":6},"end":{"line":135,"column":27}},"65":{"start":{"line":136,"column":6},"end":{"line":136,"column":18}},"66":{"start":{"line":140,"column":4},"end":{"line":143,"column":7}},"67":{"start":{"line":141,"column":6},"end":{"line":141,"column":40}},"68":{"start":{"line":142,"column":6},"end":{"line":142,"column":31}},"69":{"start":{"line":146,"column":4},"end":{"line":146,"column":82}},"70":{"start":{"line":146,"column":48},"end":{"line":146,"column":81}},"71":{"start":{"line":147,"column":4},"end":{"line":150,"column":6}},"72":{"start":{"line":148,"column":6},"end":{"line":148,"column":45}},"73":{"start":{"line":149,"column":6},"end":{"line":149,"column":37}},"74":{"start":{"line":151,"column":4},"end":{"line":151,"column":76}},"75":{"start":{"line":151,"column":45},"end":{"line":151,"column":75}},"76":{"start":{"line":152,"column":4},"end":{"line":156,"column":6}},"77":{"start":{"line":153,"column":6},"end":{"line":153,"column":34}},"78":{"start":{"line":154,"column":6},"end":{"line":154,"column":29}},"79":{"start":{"line":155,"column":6},"end":{"line":155,"column":31}},"80":{"start":{"line":157,"column":4},"end":{"line":161,"column":6}},"81":{"start":{"line":159,"column":6},"end":{"line":159,"column":27}},"82":{"start":{"line":160,"column":6},"end":{"line":160,"column":32}},"83":{"start":{"line":164,"column":4},"end":{"line":167,"column":6}},"84":{"start":{"line":165,"column":6},"end":{"line":165,"column":27}},"85":{"start":{"line":166,"column":6},"end":{"line":166,"column":32}},"86":{"start":{"line":169,"column":4},"end":{"line":169,"column":37}},"87":{"start":{"line":170,"column":4},"end":{"line":170,"column":22}},"88":{"start":{"line":180,"column":4},"end":{"line":180,"column":37}},"89":{"start":{"line":180,"column":30},"end":{"line":180,"column":37}},"90":{"start":{"line":182,"column":4},"end":{"line":182,"column":40}},"91":{"start":{"line":183,"column":4},"end":{"line":183,"column":32}},"92":{"start":{"line":185,"column":4},"end":{"line":185,"column":35}},"93":{"start":{"line":186,"column":4},"end":{"line":186,"column":28}},"94":{"start":{"line":193,"column":4},"end":{"line":193,"column":38}},"95":{"start":{"line":193,"column":15},"end":{"line":193,"column":38}},"96":{"start":{"line":195,"column":4},"end":{"line":206,"column":5}},"97":{"start":{"line":196,"column":6},"end":{"line":196,"column":29}},"98":{"start":{"line":197,"column":6},"end":{"line":199,"column":9}},"99":{"start":{"line":198,"column":8},"end":{"line":198,"column":23}},"100":{"start":{"line":201,"column":6},"end":{"line":202,"column":34}},"101":{"start":{"line":201,"column":18},"end":{"line":201,"column":37}},"102":{"start":{"line":202,"column":11},"end":{"line":202,"column":34}},"103":{"start":{"line":204,"column":6},"end":{"line":204,"column":26}},"104":{"start":{"line":205,"column":6},"end":{"line":205,"column":26}},"105":{"start":{"line":208,"column":4},"end":{"line":210,"column":5}},"106":{"start":{"line":209,"column":6},"end":{"line":209,"column":49}},"107":{"start":{"line":212,"column":4},"end":{"line":217,"column":5}},"108":{"start":{"line":213,"column":6},"end":{"line":213,"column":53}},"109":{"start":{"line":213,"column":35},"end":{"line":213,"column":51}},"110":{"start":{"line":214,"column":6},"end":{"line":214,"column":28}},"111":{"start":{"line":216,"column":6},"end":{"line":216,"column":23}},"112":{"start":{"line":226,"column":4},"end":{"line":226,"column":39}},"113":{"start":{"line":227,"column":4},"end":{"line":227,"column":74}},"114":{"start":{"line":229,"column":4},"end":{"line":231,"column":5}},"115":{"start":{"line":230,"column":6},"end":{"line":230,"column":65}},"116":{"start":{"line":233,"column":4},"end":{"line":233,"column":27}},"117":{"start":{"line":235,"column":4},"end":{"line":235,"column":30}},"118":{"start":{"line":236,"column":4},"end":{"line":236,"column":37}},"119":{"start":{"line":245,"column":4},"end":{"line":245,"column":74}},"120":{"start":{"line":245,"column":44},"end":{"line":245,"column":74}},"121":{"start":{"line":247,"column":4},"end":{"line":247,"column":25}},"122":{"start":{"line":256,"column":4},"end":{"line":256,"column":74}},"123":{"start":{"line":256,"column":44},"end":{"line":256,"column":74}},"124":{"start":{"line":258,"column":4},"end":{"line":258,"column":26}},"125":{"start":{"line":269,"column":4},"end":{"line":269,"column":53}},"126":{"start":{"line":269,"column":46},"end":{"line":269,"column":53}},"127":{"start":{"line":270,"column":4},"end":{"line":277,"column":5}},"128":{"start":{"line":271,"column":6},"end":{"line":275,"column":7}},"129":{"start":{"line":272,"column":8},"end":{"line":272,"column":26}},"130":{"start":{"line":273,"column":8},"end":{"line":273,"column":85}},"131":{"start":{"line":274,"column":8},"end":{"line":274,"column":28}},"132":{"start":{"line":276,"column":6},"end":{"line":276,"column":13}},"133":{"start":{"line":279,"column":4},"end":{"line":282,"column":5}},"134":{"start":{"line":280,"column":6},"end":{"line":280,"column":62}},"135":{"start":{"line":280,"column":43},"end":{"line":280,"column":62}},"136":{"start":{"line":281,"column":6},"end":{"line":281,"column":13}},"137":{"start":{"line":284,"column":4},"end":{"line":284,"column":40}},"138":{"start":{"line":285,"column":4},"end":{"line":297,"column":7}},"139":{"start":{"line":286,"column":6},"end":{"line":286,"column":39}},"140":{"start":{"line":286,"column":15},"end":{"line":286,"column":39}},"141":{"start":{"line":288,"column":6},"end":{"line":296,"column":7}},"142":{"start":{"line":289,"column":8},"end":{"line":289,"column":48}},"143":{"start":{"line":289,"column":29},"end":{"line":289,"column":48}},"144":{"start":{"line":294,"column":8},"end":{"line":294,"column":39}},"145":{"start":{"line":295,"column":8},"end":{"line":295,"column":74}},"146":{"start":{"line":309,"column":4},"end":{"line":312,"column":5}},"147":{"start":{"line":310,"column":6},"end":{"line":310,"column":31}},"148":{"start":{"line":310,"column":24},"end":{"line":310,"column":31}},"149":{"start":{"line":311,"column":6},"end":{"line":311,"column":36}},"150":{"start":{"line":314,"column":4},"end":{"line":314,"column":57}},"151":{"start":{"line":314,"column":34},"end":{"line":314,"column":57}},"152":{"start":{"line":315,"column":4},"end":{"line":315,"column":51}},"153":{"start":{"line":315,"column":28},"end":{"line":315,"column":51}},"154":{"start":{"line":316,"column":4},"end":{"line":316,"column":60}},"155":{"start":{"line":328,"column":4},"end":{"line":331,"column":5}},"156":{"start":{"line":329,"column":6},"end":{"line":329,"column":31}},"157":{"start":{"line":329,"column":24},"end":{"line":329,"column":31}},"158":{"start":{"line":330,"column":6},"end":{"line":330,"column":36}},"159":{"start":{"line":333,"column":4},"end":{"line":333,"column":57}},"160":{"start":{"line":333,"column":34},"end":{"line":333,"column":57}},"161":{"start":{"line":334,"column":4},"end":{"line":334,"column":51}},"162":{"start":{"line":334,"column":28},"end":{"line":334,"column":51}},"163":{"start":{"line":335,"column":4},"end":{"line":335,"column":60}},"164":{"start":{"line":351,"column":4},"end":{"line":354,"column":5}},"165":{"start":{"line":352,"column":6},"end":{"line":352,"column":19}},"166":{"start":{"line":353,"column":6},"end":{"line":353,"column":19}},"167":{"start":{"line":356,"column":4},"end":{"line":360,"column":5}},"168":{"start":{"line":357,"column":6},"end":{"line":358,"column":41}},"169":{"start":{"line":357,"column":14},"end":{"line":357,"column":42}},"170":{"start":{"line":358,"column":11},"end":{"line":358,"column":41}},"171":{"start":{"line":359,"column":6},"end":{"line":359,"column":13}},"172":{"start":{"line":362,"column":4},"end":{"line":362,"column":57}},"173":{"start":{"line":362,"column":34},"end":{"line":362,"column":57}},"174":{"start":{"line":364,"column":4},"end":{"line":369,"column":16}},"175":{"start":{"line":371,"column":4},"end":{"line":373,"column":5}},"176":{"start":{"line":372,"column":6},"end":{"line":372,"column":28}},"177":{"start":{"line":375,"column":4},"end":{"line":375,"column":64}},"178":{"start":{"line":384,"column":4},"end":{"line":384,"column":53}},"179":{"start":{"line":384,"column":46},"end":{"line":384,"column":53}},"180":{"start":{"line":385,"column":4},"end":{"line":392,"column":5}},"181":{"start":{"line":386,"column":6},"end":{"line":390,"column":7}},"182":{"start":{"line":387,"column":8},"end":{"line":387,"column":26}},"183":{"start":{"line":388,"column":8},"end":{"line":388,"column":85}},"184":{"start":{"line":389,"column":8},"end":{"line":389,"column":28}},"185":{"start":{"line":391,"column":6},"end":{"line":391,"column":13}},"186":{"start":{"line":394,"column":4},"end":{"line":394,"column":24}},"187":{"start":{"line":398,"column":0},"end":{"line":398,"column":25}},"188":{"start":{"line":399,"column":0},"end":{"line":399,"column":19}},"189":{"start":{"line":400,"column":0},"end":{"line":400,"column":22}},"190":{"start":{"line":401,"column":0},"end":{"line":401,"column":21}},"191":{"start":{"line":407,"column":0},"end":{"line":438,"column":3}},"192":{"start":{"line":408,"column":2},"end":{"line":437,"column":5}},"193":{"start":{"line":416,"column":6},"end":{"line":416,"column":47}},"194":{"start":{"line":417,"column":6},"end":{"line":419,"column":7}},"195":{"start":{"line":418,"column":8},"end":{"line":418,"column":66}},"196":{"start":{"line":418,"column":36},"end":{"line":418,"column":66}},"197":{"start":{"line":428,"column":6},"end":{"line":428,"column":47}},"198":{"start":{"line":429,"column":6},"end":{"line":434,"column":7}},"199":{"start":{"line":433,"column":8},"end":{"line":433,"column":78}},"200":{"start":{"line":433,"column":36},"end":{"line":433,"column":78}},"201":{"start":{"line":435,"column":6},"end":{"line":435,"column":46}},"202":{"start":{"line":440,"column":0},"end":{"line":440,"column":68}},"203":{"start":{"line":441,"column":0},"end":{"line":441,"column":74}},"204":{"start":{"line":443,"column":0},"end":{"line":443,"column":27}},"205":{"start":{"line":458,"column":0},"end":{"line":468,"column":1}},"206":{"start":{"line":459,"column":2},"end":{"line":459,"column":49}},"207":{"start":{"line":460,"column":2},"end":{"line":460,"column":39}},"208":{"start":{"line":461,"column":2},"end":{"line":461,"column":39}},"209":{"start":{"line":462,"column":2},"end":{"line":462,"column":35}},"210":{"start":{"line":464,"column":2},"end":{"line":464,"column":24}},"211":{"start":{"line":465,"column":2},"end":{"line":465,"column":24}},"212":{"start":{"line":467,"column":2},"end":{"line":467,"column":31}},"213":{"start":{"line":495,"column":0},"end":{"line":704,"column":1}},"214":{"start":{"line":496,"column":2},"end":{"line":518,"column":14}},"215":{"start":{"line":520,"column":2},"end":{"line":525,"column":3}},"216":{"start":{"line":521,"column":4},"end":{"line":524,"column":6}},"217":{"start":{"line":527,"column":2},"end":{"line":527,"column":49}},"218":{"start":{"line":528,"column":2},"end":{"line":528,"column":25}},"219":{"start":{"line":529,"column":2},"end":{"line":529,"column":21}},"220":{"start":{"line":531,"column":2},"end":{"line":531,"column":39}},"221":{"start":{"line":532,"column":2},"end":{"line":532,"column":57}},"222":{"start":{"line":534,"column":2},"end":{"line":536,"column":3}},"223":{"start":{"line":535,"column":4},"end":{"line":535,"column":35}},"224":{"start":{"line":538,"column":2},"end":{"line":538,"column":84}},"225":{"start":{"line":539,"column":2},"end":{"line":539,"column":56}},"226":{"start":{"line":540,"column":2},"end":{"line":540,"column":42}},"227":{"start":{"line":545,"column":2},"end":{"line":545,"column":29}},"228":{"start":{"line":546,"column":2},"end":{"line":546,"column":24}},"229":{"start":{"line":548,"column":2},"end":{"line":554,"column":3}},"230":{"start":{"line":549,"column":4},"end":{"line":552,"column":6}},"231":{"start":{"line":553,"column":4},"end":{"line":553,"column":81}},"232":{"start":{"line":556,"column":2},"end":{"line":566,"column":4}},"233":{"start":{"line":568,"column":2},"end":{"line":568,"column":78}},"234":{"start":{"line":568,"column":23},"end":{"line":568,"column":78}},"235":{"start":{"line":569,"column":2},"end":{"line":571,"column":3}},"236":{"start":{"line":570,"column":4},"end":{"line":570,"column":92}},"237":{"start":{"line":572,"column":2},"end":{"line":574,"column":3}},"238":{"start":{"line":573,"column":4},"end":{"line":573,"column":72}},"239":{"start":{"line":575,"column":2},"end":{"line":581,"column":3}},"240":{"start":{"line":576,"column":4},"end":{"line":580,"column":5}},"241":{"start":{"line":577,"column":6},"end":{"line":577,"column":70}},"242":{"start":{"line":579,"column":6},"end":{"line":579,"column":53}},"243":{"start":{"line":582,"column":2},"end":{"line":582,"column":63}},"244":{"start":{"line":582,"column":20},"end":{"line":582,"column":63}},"245":{"start":{"line":583,"column":2},"end":{"line":583,"column":59}},"246":{"start":{"line":583,"column":22},"end":{"line":583,"column":59}},"247":{"start":{"line":585,"column":2},"end":{"line":585,"column":79}},"248":{"start":{"line":585,"column":28},"end":{"line":585,"column":79}},"249":{"start":{"line":586,"column":2},"end":{"line":586,"column":61}},"250":{"start":{"line":586,"column":22},"end":{"line":586,"column":61}},"251":{"start":{"line":588,"column":2},"end":{"line":602,"column":3}},"252":{"start":{"line":589,"column":4},"end":{"line":589,"column":44}},"253":{"start":{"line":591,"column":4},"end":{"line":591,"column":41}},"254":{"start":{"line":592,"column":4},"end":{"line":592,"column":35}},"255":{"start":{"line":593,"column":9},"end":{"line":602,"column":3}},"256":{"start":{"line":597,"column":4},"end":{"line":601,"column":5}},"257":{"start":{"line":598,"column":6},"end":{"line":598,"column":49}},"258":{"start":{"line":600,"column":6},"end":{"line":600,"column":43}},"259":{"start":{"line":604,"column":2},"end":{"line":604,"column":28}},"260":{"start":{"line":609,"column":2},"end":{"line":633,"column":3}},"261":{"start":{"line":619,"column":4},"end":{"line":619,"column":75}},"262":{"start":{"line":619,"column":28},"end":{"line":619,"column":75}},"263":{"start":{"line":620,"column":4},"end":{"line":620,"column":66}},"264":{"start":{"line":620,"column":25},"end":{"line":620,"column":66}},"265":{"start":{"line":621,"column":4},"end":{"line":621,"column":57}},"266":{"start":{"line":621,"column":22},"end":{"line":621,"column":57}},"267":{"start":{"line":622,"column":4},"end":{"line":622,"column":54}},"268":{"start":{"line":622,"column":21},"end":{"line":622,"column":54}},"269":{"start":{"line":623,"column":4},"end":{"line":623,"column":54}},"270":{"start":{"line":623,"column":21},"end":{"line":623,"column":54}},"271":{"start":{"line":624,"column":4},"end":{"line":624,"column":51}},"272":{"start":{"line":624,"column":20},"end":{"line":624,"column":51}},"273":{"start":{"line":625,"column":4},"end":{"line":627,"column":5}},"274":{"start":{"line":626,"column":6},"end":{"line":626,"column":71}},"275":{"start":{"line":628,"column":4},"end":{"line":630,"column":5}},"276":{"start":{"line":629,"column":6},"end":{"line":629,"column":69}},"277":{"start":{"line":632,"column":4},"end":{"line":632,"column":58}},"278":{"start":{"line":632,"column":16},"end":{"line":632,"column":58}},"279":{"start":{"line":635,"column":2},"end":{"line":635,"column":42}},"280":{"start":{"line":635,"column":13},"end":{"line":635,"column":42}},"281":{"start":{"line":637,"column":2},"end":{"line":637,"column":42}},"282":{"start":{"line":639,"column":2},"end":{"line":645,"column":5}},"283":{"start":{"line":640,"column":4},"end":{"line":640,"column":34}},"284":{"start":{"line":640,"column":27},"end":{"line":640,"column":34}},"285":{"start":{"line":642,"column":4},"end":{"line":642,"column":21}},"286":{"start":{"line":643,"column":4},"end":{"line":643,"column":30}},"287":{"start":{"line":644,"column":4},"end":{"line":644,"column":24}},"288":{"start":{"line":647,"column":2},"end":{"line":653,"column":5}},"289":{"start":{"line":648,"column":4},"end":{"line":652,"column":5}},"290":{"start":{"line":649,"column":6},"end":{"line":649,"column":24}},"291":{"start":{"line":650,"column":6},"end":{"line":650,"column":86}},"292":{"start":{"line":651,"column":6},"end":{"line":651,"column":26}},"293":{"start":{"line":655,"column":2},"end":{"line":703,"column":5}},"294":{"start":{"line":656,"column":4},"end":{"line":656,"column":21}},"295":{"start":{"line":658,"column":4},"end":{"line":660,"column":24}},"296":{"start":{"line":662,"column":4},"end":{"line":666,"column":5}},"297":{"start":{"line":663,"column":6},"end":{"line":663,"column":23}},"298":{"start":{"line":664,"column":6},"end":{"line":664,"column":58}},"299":{"start":{"line":665,"column":6},"end":{"line":665,"column":33}},"300":{"start":{"line":668,"column":4},"end":{"line":668,"column":61}},"301":{"start":{"line":669,"column":4},"end":{"line":669,"column":59}},"302":{"start":{"line":670,"column":4},"end":{"line":670,"column":18}},"303":{"start":{"line":672,"column":4},"end":{"line":678,"column":5}},"304":{"start":{"line":673,"column":6},"end":{"line":673,"column":73}},"305":{"start":{"line":674,"column":11},"end":{"line":678,"column":5}},"306":{"start":{"line":675,"column":6},"end":{"line":675,"column":69}},"307":{"start":{"line":676,"column":11},"end":{"line":678,"column":5}},"308":{"start":{"line":677,"column":6},"end":{"line":677,"column":62}},"309":{"start":{"line":680,"column":4},"end":{"line":684,"column":5}},"310":{"start":{"line":681,"column":6},"end":{"line":681,"column":23}},"311":{"start":{"line":682,"column":6},"end":{"line":682,"column":47}},"312":{"start":{"line":683,"column":6},"end":{"line":683,"column":33}},"313":{"start":{"line":686,"column":4},"end":{"line":686,"column":47}},"314":{"start":{"line":686,"column":20},"end":{"line":686,"column":47}},"315":{"start":{"line":688,"column":4},"end":{"line":688,"column":87}},"316":{"start":{"line":690,"column":4},"end":{"line":700,"column":5}},"317":{"start":{"line":691,"column":6},"end":{"line":697,"column":7}},"318":{"start":{"line":692,"column":8},"end":{"line":692,"column":84}},"319":{"start":{"line":694,"column":8},"end":{"line":694,"column":25}},"320":{"start":{"line":695,"column":8},"end":{"line":695,"column":69}},"321":{"start":{"line":696,"column":8},"end":{"line":696,"column":35}},"322":{"
[...]
olumn":4},"end":{"line":233,"column":19}},"82":{"start":{"line":235,"column":4},"end":{"line":239,"column":5}},"83":{"start":{"line":236,"column":6},"end":{"line":236,"column":57}},"84":{"start":{"line":238,"column":6},"end":{"line":238,"column":42}},"85":{"start":{"line":241,"column":4},"end":{"line":241,"column":42}},"86":{"start":{"line":243,"column":4},"end":{"line":250,"column":5}},"87":{"start":{"line":244,"column":6},"end":{"line":247,"column":13}},"88":{"start":{"line":245,"column":8},"end":{"line":245,"column":44}},"89":{"start":{"line":246,"column":8},"end":{"line":246,"column":19}},"90":{"start":{"line":249,"column":6},"end":{"line":249,"column":87}},"91":{"start":{"line":255,"column":4},"end":{"line":255,"column":34}},"92":{"start":{"line":257,"column":4},"end":{"line":257,"column":54}},"93":{"start":{"line":259,"column":4},"end":{"line":264,"column":7}},"94":{"start":{"line":266,"column":4},"end":{"line":269,"column":5}},"95":{"start":{"line":267,"column":6},"end":{"line":267,"column":31}},"96":{"start":{"line":268,"column":6},"end":{"line":268,"column":60}},"97":{"start":{"line":268,"column":31},"end":{"line":268,"column":58}},"98":{"start":{"line":271,"column":4},"end":{"line":271,"column":48}},"99":{"start":{"line":272,"column":4},"end":{"line":272,"column":15}},"100":{"start":{"line":276,"column":0},"end":{"line":276,"column":33}},"101":{"start":{"line":283,"column":0},"end":{"line":285,"column":1}},"102":{"start":{"line":284,"column":2},"end":{"line":284,"column":17}},"103":{"start":{"line":295,"column":0},"end":{"line":311,"column":1}},"104":{"start":{"line":296,"column":2},"end":{"line":296,"column":40}},"105":{"start":{"line":297,"column":2},"end":{"line":297,"column":24}},"106":{"start":{"line":299,"column":2},"end":{"line":308,"column":3}},"107":{"start":{"line":300,"column":4},"end":{"line":304,"column":6}},"108":{"start":{"line":306,"column":4},"end":{"line":306,"column":69}},"109":{"start":{"line":307,"column":4},"end":{"line":307,"column":68}},"110":{"start":{"line":310,"column":2},"end":{"line":310,"column":20}},"111":{"start":{"line":321,"column":0},"end":{"line":336,"column":1}},"112":{"start":{"line":322,"column":2},"end":{"line":332,"column":3}},"113":{"start":{"line":323,"column":4},"end":{"line":323,"column":49}},"114":{"start":{"line":324,"column":4},"end":{"line":331,"column":6}},"115":{"start":{"line":334,"column":2},"end":{"line":334,"column":46}},"116":{"start":{"line":335,"column":2},"end":{"line":335,"column":19}}},"branchMap":{"1":{"line":62,"type":"if","locations":[{"start":{"line":62,"column":4},"end":{"line":62,"column":4}},{"start":{"line":62,"column":4},"end":{"line":62,"column":4}}]},"2":{"line":62,"type":"binary-expr","locations":[{"start":{"line":62,"column":8},"end":{"line":62,"column":28}},{"start":{"line":62,"column":32},"end":{"line":62,"column":47}},{"start":{"line":62,"column":51},"end":{"line":62,"column":68}}]},"3":{"line":66,"type":"if","locations":[{"start":{"line":66,"column":4},"end":{"line":66,"column":4}},{"start":{"line":66,"column":4},"end":{"line":66,"column":4}}]},"4":{"line":78,"type":"if","locations":[{"start":{"line":78,"column":11},"end":{"line":78,"column":11}},{"start":{"line":78,"column":11},"end":{"line":78,"column":11}}]},"5":{"line":82,"type":"if","locations":[{"start":{"line":82,"column":4},"end":{"line":82,"column":4}},{"start":{"line":82,"column":4},"end":{"line":82,"column":4}}]},"6":{"line":94,"type":"if","locations":[{"start":{"line":94,"column":4},"end":{"line":94,"column":4}},{"start":{"line":94,"column":4},"end":{"line":94,"column":4}}]},"7":{"line":109,"type":"if","locations":[{"start":{"line":109,"column":4},"end":{"line":109,"column":4}},{"start":{"line":109,"column":4},"end":{"line":109,"column":4}}]},"8":{"line":115,"type":"if","locations":[{"start":{"line":115,"column":4},"end":{"line":115,"column":4}},{"start":{"line":115,"column":4},"end":{"line":115,"column":4}}]},"9":{"line":122,"type":"if","locations":[{"start":{"line":122,"column":6},"end":{"line":122,"column":6}},{"start":{"line":122,"column":6},"end":{"line":122,"column":6}}]},"10":{"line":125,"type":"if","locations":[{"start":{"line":125,"column":4},"end":{"line":125,"column":4}},{"start":{"line":125,"column":4},"end":{"line":125,"column":4}}]},"11":{"line":136,"type":"if","locations":[{"start":{"line":136,"column":4},"end":{"line":136,"column":4}},{"start":{"line":136,"column":4},"end":{"line":136,"column":4}}]},"12":{"line":136,"type":"binary-expr","locations":[{"start":{"line":136,"column":8},"end":{"line":136,"column":25}},{"start":{"line":136,"column":29},"end":{"line":136,"column":78}}]},"13":{"line":157,"type":"if","locations":[{"start":{"line":157,"column":4},"end":{"line":157,"column":4}},{"start":{"line":157,"column":4},"end":{"line":157,"column":4}}]},"14":{"line":158,"type":"binary-expr","locations":[{"start":{"line":158,"column":6},"end":{"line":158,"column":26}},{"start":{"line":158,"column":30},"end":{"line":158,"column":79}},{"start":{"line":159,"column":6},"end":{"line":159,"column":39}},{"start":{"line":159,"column":44},"end":{"line":159,"column":57}},{"start":{"line":159,"column":61},"end":{"line":159,"column":75}},{"start":{"line":160,"column":6},"end":{"line":160,"column":29}}]},"15":{"line":165,"type":"binary-expr","locations":[{"start":{"line":165,"column":20},"end":{"line":165,"column":57}},{"start":{"line":165,"column":61},"end":{"line":165,"column":63}}]},"16":{"line":170,"type":"if","locations":[{"start":{"line":170,"column":4},"end":{"line":170,"column":4}},{"start":{"line":170,"column":4},"end":{"line":170,"column":4}}]},"17":{"line":172,"type":"if","locations":[{"start":{"line":172,"column":6},"end":{"line":172,"column":6}},{"start":{"line":172,"column":6},"end":{"line":172,"column":6}}]},"18":{"line":180,"type":"if","locations":[{"start":{"line":180,"column":4},"end":{"line":180,"column":4}},{"start":{"line":180,"column":4},"end":{"line":180,"column":4}}]},"19":{"line":182,"type":"cond-expr","locations":[{"start":{"line":182,"column":47},"end":{"line":182,"column":69}},{"start":{"line":182,"column":72},"end":{"line":182,"column":80}}]},"20":{"line":183,"type":"binary-expr","locations":[{"start":{"line":183,"column":19},"end":{"line":183,"column":44}},{"start":{"line":183,"column":48},"end":{"line":183,"column":72}}]},"21":{"line":187,"type":"if","locations":[{"start":{"line":187,"column":6},"end":{"line":187,"column":6}},{"start":{"line":187,"column":6},"end":{"line":187,"column":6}}]},"22":{"line":189,"type":"if","locations":[{"start":{"line":189,"column":10},"end":{"line":189,"column":10}},{"start":{"line":189,"column":10},"end":{"line":189,"column":10}}]},"23":{"line":189,"type":"binary-expr","locations":[{"start":{"line":189,"column":56},"end":{"line":189,"column":60}},{"start":{"line":189,"column":64},"end":{"line":189,"column":67}}]},"24":{"line":194,"type":"if","locations":[{"start":{"line":194,"column":13},"end":{"line":194,"column":13}},{"start":{"line":194,"column":13},"end":{"line":194,"column":13}}]},"25":{"line":217,"type":"if","locations":[{"start":{"line":217,"column":4},"end":{"line":217,"column":4}},{"start":{"line":217,"column":4},"end":{"line":217,"column":4}}]},"26":{"line":217,"type":"binary-expr","locations":[{"start":{"line":217,"column":8},"end":{"line":217,"column":24}},{"start":{"line":217,"column":28},"end":{"line":217,"column":44}}]},"27":{"line":230,"type":"if","locations":[{"start":{"line":230,"column":4},"end":{"line":230,"column":4}},{"start":{"line":230,"column":4},"end":{"line":230,"column":4}}]},"28":{"line":243,"type":"if","locations":[{"start":{"line":243,"column":4},"end":{"line":243,"column":4}},{"start":{"line":243,"column":4},"end":{"line":243,"column":4}}]},"29":{"line":266,"type":"if","locations":[{"start":{"line":266,"column":4},"end":{"line":266,"column":4}},{"start":{"line":266,"column":4},"end":{"line":266,"column":4}}]},"30":{"line":299,"type":"if","locations":[{"start":{"line":299,"column":2},"end":{"line":299,"column":2}},{"start":{"line":299,"column":2},"end":{"line":299,"column":2}}]},"31":{"line":299,"type":"binary-expr","locations":[{"start":{"line":299,"column":6},"end":{"line":299,"column":9}},{"start":{"line":299,"column":13},"end":{"line":299,"column":51}}]},"32":{"line":301,"type":"cond-expr","locations":[{"start":{"line":301,"column":21},"end":{"line":301,"column":24}},{"start":{"line":301,"column":27},"end":{"line":301,"column":29}}]},"33":{"line":322,"type":"if","locations":[{"start":{"line":322,"column":2},"end":{"line":322,"column":2}},{"start":{"line":322,"column":2},"end":{"line":322,"column":2}}]},"34":{"line":323,"type":"binary-expr","locations":[{"start":{"line":323,"column":14},"end":{"line":323,"column":21}},{"start":{"line":323,"column":25},"end":{"line":323,"column":48}}]}},"code":["/*!"," * ws: a node.js websocket client"," * Copyright(c) 2011 Einar Otto Stangvik <einaros@gmail.com>"," * MIT Licensed"," */","","'use strict';","","const safeBuffer = require('safe-buffer');","const EventEmitter = require('events');","const crypto = require('crypto');","const Ultron = require('ultron');","const http = require('http');","const url = require('url');","","const PerMessageDeflate = require('./PerMessageDeflate');","const Extensions = require('./Extensions');","const constants = require('./Constants');","const WebSocket = require('./WebSocket');","","const Buffer = safeBuffer.Buffer;","","/**"," * Class representing a WebSocket server."," *"," * @extends EventEmitter"," */","class WebSocketServer extends EventEmitter {","  /**","   * Create a `WebSocketServer` instance.","   *","   * @param {Object} options Configuration options","   * @param {String} options.host The hostname where to bind the server","   * @param {Number} options.port The port where to bind the server","   * @param {http.Server} options.server A pre-created HTTP/S server to use","   * @param {Function} options.verifyClient An hook to reject connections","   * @param {Function} options.handleProtocols An hook to handle protocols","   * @param {String} options.path Accept only connections matching this path","   * @param {Boolean} options.noServer Enable no server mode","   * @param {Boolean} options.clientTracking Specifies whether or not to track clients","   * @param {(Boolean|Object)} options.perMessageDeflate Enable/disable permessage-deflate","   * @param {Number} options.maxPayload The maximum allowed message size","   * @param {Function} callback A listener for the `listening` event","   */","  constructor (options, callback) {","    super();","","    options = Object.assign({","      maxPayload: 100 * 1024 * 1024,","      perMessageDeflate: true,","      handleProtocols: null,","      clientTracking: true,","      verifyClient: null,","      noServer: false,","      backlog: null, // use default (511 as implemented in net.js)","      server: null,","      host: null,","      path: null,","      port: null","    }, options);","","    if (options.port == null && !options.server && !options.noServer) {","      throw new TypeError('missing or invalid options');","    }","","    if (options.port != null) {","      this._server = http.createServer((req, res) => {","        const body = http.STATUS_CODES[426];","","        res.writeHead(426, {","          'Content-Length': body.length,","          'Content-Type': 'text/plain'","        });","        res.end(body);","      });","      this._server.allowHalfOpen = false;","      this._server.listen(options.port, options.host, options.backlog, callback);","    } else if (options.server) {","      this._server = options.server;","    }","","    if (this._server) {","      this._ultron = new Ultron(this._server);","      this._ultron.on('listening', () => this.emit('listening'));","      this._ultron.on('error', (err) => this.emit('error', err));","      this._ultron.on('upgrade', (req, socket, head) => {","        this.handleUpgrade(req, socket, head, (client) => {","          this.emit(`connection${req.url}`, client);","          this.emit('connection', client);","        });","      });","    }","","    if (options.clientTracking) this.clients = new Set();","    this.options = options;","    this.path = options.path;","  }","","  /**","   * Close the server.","   *","   * @param {Function} cb Callback","   * @public","   */","  close (cb) {","    //","    // Terminate all associated clients.","    //","    if (this.clients) {","      for (const client of this.clients) client.terminate();","    }","","    const server = this._server;","","    if (server) {","      this._ultron.destroy();","      this._ultron = this._server = null;","","      //","      // Close the http server if it was internally created.","      //","      if (this.options.port != null) return server.close(cb);","    }","","    if (cb) cb();","  }","","  /**","   * See if a given request should be handled by this server instance.","   *","   * @param {http.IncomingMessage} req Request object to inspect","   * @return {Boolean} `true` if the request is valid, else `false`","   * @public","   */","  shouldHandle (req) {","    if (this.options.path && url.parse(req.url).pathname !== this.options.path) {","      return false;","    }","","    return true;","  }","","  /**","   * Handle a HTTP Upgrade request.","   *","   * @param {http.IncomingMessage} req The request object","   * @param {net.Socket} socket The network socket between the server and client","   * @param {Buffer} head The first packet of the upgraded stream","   * @param {Function} cb Callback","   * @public","   */","  handleUpgrade (req, socket, head, cb) {","    socket.on('error', socketError);","","    const version = +req.headers['sec-websocket-version'];","","    if (","      req.method !== 'GET' || req.headers.upgrade.toLowerCase() !== 'websocket' ||","      !req.headers['sec-websocket-key'] || (version !== 8 && version !== 13) ||","      !this.shouldHandle(req)","    ) {","      return abortConnection(socket, 400);","    }","","    var protocol = (req.headers['sec-websocket-protocol'] || '').split(/, */);","","    //","    // Optionally call external protocol selection handler.","    //","    if (this.options.handleProtocols) {","      protocol = this.options.handleProtocols(protocol);","      if (protocol === false) return abortConnection(socket, 401);","    } else {","      protocol = protocol[0];","    }","","    //","    // Optionally call external client verification handler.","    //","    if (this.options.verifyClient) {","      const info = {","        origin: req.headers[`${version === 8 ? 'sec-websocket-origin' : 'origin'}`],","        secure: !!(req.connection.authorized || req.connection.encrypted),","        req","      };","","      if (this.options.verifyClient.length === 2) {","        this.options.verifyClient(info, (verified, code, message) => {","          if (!verified) return abortConnection(socket, code || 401, message);","","          this.completeUpgrade(protocol, version, req, socket, head, cb);","        });","        return;","      } else if (!this.options.verifyClient(info)) {","        return abortConnection(socket, 401);","      }","    }","","    this.completeUpgrade(protocol, version, req, socket, head, cb);","  }","","  /**","   * Upgrade the connection to WebSocket.","   *","   * @param {String} protocol The chosen subprotocol","   * @param {Number} version The WebSocket protocol version","   * @param {http.IncomingMessage} req The request object","   * @param {net.Socket} socket The network socket between the server and client","   * @param {Buffer} head The first packet of the upgraded stream","   * @param {Function} cb Callback","   * @private","   */","  completeUpgrade (protocol, version, req, socket, head, cb) {","    //","    // Destroy the socket if the client has already sent a FIN packet.","    //","    if (!socket.readable || !socket.writable) return socket.destroy();","","    const key = crypto.createHash('sha1')","      .update(req.headers['sec-websocket-key'] + constants.GUID, 'binary')","      .digest('base64');","","    const headers = [","      'HTTP/1.1 101 Switching Protocols',","      'Upgrade: websocket',","      'Connection: Upgrade',","      `Sec-WebSocket-Accept: ${key}`","    ];","","    if (protocol) headers.push(`Sec-WebSocket-Protocol: ${protocol}`);","","    const offer = Extensions.parse(req.headers['sec-websocket-extensions']);","    var extensions;","","    try {","      extensions = acceptExtensions(this.options, offer);","    } catch (err) {","      return abortConnection(socket, 400);","    }","","    const props = Object.keys(extensions);","","    if (props.length) {","      const serverExtensions = props.reduce((obj, key) => {","        obj[key] = [extensions[key].params];","        return obj;","      }, {});","","      headers.push(`Sec-WebSocket-Extensions: ${Extensions.format(serverExtensions)}`);","    }","","    //","    // Allow external modification/inspection of handshake headers.","    //","    this.emit('headers', headers);","","    socket.write(headers.concat('', '').join('\\r\\n'));","","    const client = new WebSocket([req, socket, head], {","      maxPayload: this.options.maxPayload,","      protocolVersion: version,","      extensions,","      protocol","    });","","    if (this.clients) {","      this.clients.add(client);","      client.on('close', () => this.clients.delete(client));","    }","","    socket.removeListener('error', socketError);","    cb(client);","  }","}","","module.exports = WebSocketServer;","","/**"," * Handle premature socket errors."," *"," * @private"," */","function socketError () {","  this.destroy();","}","","/**"," * Accept WebSocket extensions."," *"," * @param {Object} options The `WebSocketServer` configuration options"," * @param {Object} offer The parsed value of the `sec-websocket-extensions` header"," * @return {Object} Accepted extensions"," * @private"," */","function acceptExtensions (options, offer) {","  const pmd = options.perMessageDeflate;","  const extensions = {};","","  if (pmd && offer[PerMessageDeflate.extensionName]) {","    const perMessageDeflate = new PerMessageDeflate(","      pmd !== true ? pmd : {},","      true,","      options.maxPayload","    );","","    perMessageDeflate.accept(offer[PerMessageDeflate.extensionName]);","    extensions[PerMessageDeflate.extensionName] = perMessageDeflate;","  }","","  return extensions;","}","","/**"," * Close the connection when preconditions are not fulfilled."," *"," * @param {net.Socket} socket The socket of the upgrade request"," * @param {Number} code The HTTP response status code"," * @param {String} [message] The HTTP response body"," * @private"," */","function abortConnection (socket, code, message) {","  if (socket.writable) {","    message = message || http.STATUS_CODES[code];","    socket.write(","      `HTTP/1.1 ${code} ${http.STATUS_CODES[code]}\\r\\n` +","      'Connection: close\\r\\n' +","      'Content-type: text/html\\r\\n' +","      `Content-Length: ${Buffer.byteLength(message)}\\r\\n` +","      '\\r\\n' +","      message","    );","  }","","  socket.removeListener('error', socketError);","  socket.destroy();","}",""],"l":{"9":1,"10":1,"11":1,"12":1,"13":1,"14":1,"16":1,"17":1,"18":1,"19":1,"21":1,"46":0,"48":0,"62":0,"63":0,"66":0,"67":0,"68":0,"70":0,"74":0,"76":0,"77":0,"78":0,"79":0,"82":0,"83":0,"84":0,"85":0,"86":0,"87":0,"88":0,"89":0,"94":0,"95":0,"96":0,"109":0,"110":0,"113":0,"115":0,"116":0,"117":0,"122":0,"125":0,"136":0,"137":0,"140":0,"153":0,"155":0,"157":0,"162":0,"165":0,"170":0,"171":0,"172":0,"174":0,"180":0,"181":0,"187":0,"188":0,"189":0,"191":0,"193":0,"194":0,"195":0,"199":0,"217":0,"219":0,"223":0,"230":0,"232":0,"233":0,"235":0,"236":0,"238":0,"241":0,"243":0,"244":0,"245":0,"246":0,"249":0,"255":0,"257":0,"259":0,"266":0,"267":0,"268":0,"271":0,"272":0,"276":1,"283":1,"284":0,"295":1,"296":0,"297":0,"299":0,"300":0,"306":0,"307":0,"310":0,"321":1,"322":0,"323":0,"324":0,"334":0,"335":0}}}